#
# There is insufficient memory for the Java Runtime Environment to continue.
# Native memory allocation (malloc) failed to allocate 990096 bytes for Chunk::new
# Possible reasons:
#   The system is out of physical RAM or swap space
#   The process is running with CompressedOops enabled, and the Java Heap may be blocking the growth of the native heap
# Possible solutions:
#   Reduce memory load on the system
#   Increase physical memory or swap space
#   Check if swap backing store is full
#   Decrease Java heap size (-Xmx/-Xms)
#   Decrease number of Java threads
#   Decrease Java thread stack sizes (-Xss)
#   Set larger code cache with -XX:ReservedCodeCacheSize=
#   JVM is running with Zero Based Compressed Oops mode in which the Java heap is
#     placed in the first 32GB address space. The Java Heap base address is the
#     maximum limit for the native heap growth. Please use -XX:HeapBaseMinAddress
#     to set the Java Heap base and to place the Java Heap above 32GB virtual address.
# This output file may be truncated or incomplete.
#
#  Out of Memory Error (arena.cpp:168), pid=1856, tid=23304
#
# JRE version: Java(TM) SE Runtime Environment (21.0.5+9) (build 21.0.5+9-LTS-239)
# Java VM: Java HotSpot(TM) 64-Bit Server VM (21.0.5+9-LTS-239, mixed mode, sharing, tiered, compressed oops, compressed class ptrs, g1 gc, windows-amd64)
# No core dump will be written. Minidumps are not enabled by default on client versions of Windows
#

---------------  S U M M A R Y ------------

Command Line: -Dclassworlds.conf=D:\Program Files\apache-maven-3.9.9\bin\m2.conf -Dmaven.home=D:\Program Files\apache-maven-3.9.9 -Dlibrary.jansi.path=D:\Program Files\apache-maven-3.9.9\lib\jansi-native -Dmaven.multiModuleProjectDirectory=D:\assignments\CT250\job org.codehaus.plexus.classworlds.launcher.Launcher spring-boot:run

Host: 13th Gen Intel(R) Core(TM) i7-1355U, 12 cores, 15G,  Windows 11 , 64 bit Build 26100 (10.0.26100.5074)
Time: Thu Oct 30 22:40:04 2025 SE Asia Standard Time elapsed time: 17.152577 seconds (0d 0h 0m 17s)

---------------  T H R E A D  ---------------

Current thread (0x00000232390d3f10):  JavaThread "C2 CompilerThread0" daemon [_thread_in_native, id=23304, stack(0x0000004ac6800000,0x0000004ac6900000) (1024K)]


Current CompileTask:
C2:  17152 3659       4       org.codehaus.plexus.util.xml.pull.MXParser::parseAttribute (1429 bytes)

Stack: [0x0000004ac6800000,0x0000004ac6900000]
Native frames: (J=compiled Java code, j=interpreted, Vv=VM code, C=native code)
V  [jvm.dll+0x6ca289]
V  [jvm.dll+0x854a51]
V  [jvm.dll+0x856f7e]
V  [jvm.dll+0x857653]
V  [jvm.dll+0x27dd26]
V  [jvm.dll+0xc4c2d]
V  [jvm.dll+0xc5163]
V  [jvm.dll+0x3b4d02]
V  [jvm.dll+0x3814b5]
V  [jvm.dll+0x38092a]
V  [jvm.dll+0x246910]
V  [jvm.dll+0x245eef]
V  [jvm.dll+0x1c6d0e]
V  [jvm.dll+0x2554d9]
V  [jvm.dll+0x253a6a]
V  [jvm.dll+0x3ee136]
V  [jvm.dll+0x7fee9b]
V  [jvm.dll+0x6c896d]
C  [ucrtbase.dll+0x37b0]
C  [KERNEL32.DLL+0x2e8d7]
C  [ntdll.dll+0x8d9c]


---------------  P R O C E S S  ---------------

Threads class SMR info:
_java_thread_list=0x0000023200438e80, length=14, elements={
0x0000023218679470, 0x00000232390c8040, 0x00000232390c8c90, 0x00000232390cf290,
0x00000232390cfce0, 0x00000232390d0730, 0x00000232390d1180, 0x00000232390d3f10,
0x00000232390d6c00, 0x0000023239bf1350, 0x0000023239c02510, 0x00000232006b68d0,
0x00000232390d8070, 0x00000232390d5790
}

Java Threads: ( => current thread )
  0x0000023218679470 JavaThread "main"                              [_thread_in_native, id=19264, stack(0x0000004ac5a00000,0x0000004ac5b00000) (1024K)]
  0x00000232390c8040 JavaThread "Reference Handler"          daemon [_thread_blocked, id=13964, stack(0x0000004ac6200000,0x0000004ac6300000) (1024K)]
  0x00000232390c8c90 JavaThread "Finalizer"                  daemon [_thread_blocked, id=1488, stack(0x0000004ac6300000,0x0000004ac6400000) (1024K)]
  0x00000232390cf290 JavaThread "Signal Dispatcher"          daemon [_thread_blocked, id=20264, stack(0x0000004ac6400000,0x0000004ac6500000) (1024K)]
  0x00000232390cfce0 JavaThread "Attach Listener"            daemon [_thread_blocked, id=12240, stack(0x0000004ac6500000,0x0000004ac6600000) (1024K)]
  0x00000232390d0730 JavaThread "Service Thread"             daemon [_thread_blocked, id=8852, stack(0x0000004ac6600000,0x0000004ac6700000) (1024K)]
  0x00000232390d1180 JavaThread "Monitor Deflation Thread"   daemon [_thread_blocked, id=21884, stack(0x0000004ac6700000,0x0000004ac6800000) (1024K)]
=>0x00000232390d3f10 JavaThread "C2 CompilerThread0"         daemon [_thread_in_native, id=23304, stack(0x0000004ac6800000,0x0000004ac6900000) (1024K)]
  0x00000232390d6c00 JavaThread "C1 CompilerThread0"         daemon [_thread_blocked, id=3608, stack(0x0000004ac6900000,0x0000004ac6a00000) (1024K)]
  0x0000023239bf1350 JavaThread "Notification Thread"        daemon [_thread_blocked, id=12620, stack(0x0000004ac6a00000,0x0000004ac6b00000) (1024K)]
  0x0000023239c02510 JavaThread "Common-Cleaner"             daemon [_thread_blocked, id=4108, stack(0x0000004ac6b00000,0x0000004ac6c00000) (1024K)]
  0x00000232006b68d0 JavaThread "Thread-1"                   daemon [_thread_blocked, id=5424, stack(0x0000004ac6d00000,0x0000004ac6e00000) (1024K)]
  0x00000232390d8070 JavaThread "C2 CompilerThread1"         daemon [_thread_in_native, id=3016, stack(0x0000004ac6c00000,0x0000004ac6d00000) (1024K)]
  0x00000232390d5790 JavaThread "C2 CompilerThread2"         daemon [_thread_new, id=7264, stack(0x0000004ac7700000,0x0000004ac7800000) (1024K)]
Total: 14

Other Threads:
  0x00000232390adfd0 VMThread "VM Thread"                           [id=22328, stack(0x0000004ac6100000,0x0000004ac6200000) (1024K)]
  0x0000023239099880 WatcherThread "VM Periodic Task Thread"        [id=18584, stack(0x0000004ac6000000,0x0000004ac6100000) (1024K)]
  0x00000232186dc150 WorkerThread "GC Thread#0"                     [id=21692, stack(0x0000004ac5b00000,0x0000004ac5c00000) (1024K)]
  0x00000232004547a0 WorkerThread "GC Thread#1"                     [id=22540, stack(0x0000004ac6e00000,0x0000004ac6f00000) (1024K)]
  0x000002327f5ecc40 WorkerThread "GC Thread#2"                     [id=19220, stack(0x0000004ac6f00000,0x0000004ac7000000) (1024K)]
  0x000002327f5ecfe0 WorkerThread "GC Thread#3"                     [id=13648, stack(0x0000004ac7000000,0x0000004ac7100000) (1024K)]
  0x000002327f27f4a0 WorkerThread "GC Thread#4"                     [id=15152, stack(0x0000004ac7100000,0x0000004ac7200000) (1024K)]
  0x000002327f27f840 WorkerThread "GC Thread#5"                     [id=6192, stack(0x0000004ac7200000,0x0000004ac7300000) (1024K)]
  0x000002320019c3a0 WorkerThread "GC Thread#6"                     [id=22284, stack(0x0000004ac7300000,0x0000004ac7400000) (1024K)]
  0x000002320019c740 WorkerThread "GC Thread#7"                     [id=21196, stack(0x0000004ac7400000,0x0000004ac7500000) (1024K)]
  0x00000232002073d0 WorkerThread "GC Thread#8"                     [id=19164, stack(0x0000004ac7500000,0x0000004ac7600000) (1024K)]
  0x0000023200208250 WorkerThread "GC Thread#9"                     [id=8764, stack(0x0000004ac7600000,0x0000004ac7700000) (1024K)]
  0x00000232186ed450 ConcurrentGCThread "G1 Main Marker"            [id=12952, stack(0x0000004ac5c00000,0x0000004ac5d00000) (1024K)]
  0x00000232186edf50 WorkerThread "G1 Conc#0"                       [id=16164, stack(0x0000004ac5d00000,0x0000004ac5e00000) (1024K)]
  0x0000023238f6c970 ConcurrentGCThread "G1 Refine#0"               [id=12756, stack(0x0000004ac5e00000,0x0000004ac5f00000) (1024K)]
  0x0000023238f6d380 ConcurrentGCThread "G1 Service"                [id=22524, stack(0x0000004ac5f00000,0x0000004ac6000000) (1024K)]
Total: 16

Threads with active compile tasks:
C2 CompilerThread0    21228 3659       4       org.codehaus.plexus.util.xml.pull.MXParser::parseAttribute (1429 bytes)
C2 CompilerThread1    21228 3686       4       org.codehaus.plexus.util.xml.pull.MXParser::nextImpl (1203 bytes)
Total: 2

VM state: not at safepoint (normal execution)

VM Mutex/Monitor currently owned by a thread: None

Heap address: 0x0000000704e00000, size: 4018 MB, Compressed Oops mode: Zero based, Oop shift amount: 3

CDS archive(s) mapped at: [0x000002323a000000-0x000002323ac90000-0x000002323ac90000), size 13172736, SharedBaseAddress: 0x000002323a000000, ArchiveRelocationMode: 1.
Compressed class space mapped at: 0x000002323b000000-0x000002327b000000, reserved size: 1073741824
Narrow klass base: 0x000002323a000000, Narrow klass shift: 0, Narrow klass range: 0x100000000

GC Precious Log:
 CardTable entry size: 512
 Card Set container configuration: InlinePtr #cards 4 size 8 Array Of Cards #cards 16 size 48 Howl #buckets 8 coarsen threshold 3686 Howl Bitmap #cards 512 size 80 coarsen threshold 460 Card regions per heap region 1 cards per card region 4096
 CPUs: 12 total, 12 available
 Memory: 16068M
 Large Page Support: Disabled
 NUMA Support: Disabled
 Compressed Oops: Enabled (Zero based)
 Heap Region Size: 2M
 Heap Min Capacity: 8M
 Heap Initial Capacity: 252M
 Heap Max Capacity: 4018M
 Pre-touch: Disabled
 Parallel Workers: 10
 Concurrent Workers: 3
 Concurrent Refinement Workers: 10
 Periodic GC: Disabled

Heap:
 garbage-first heap   total 258048K, used 65171K [0x0000000704e00000, 0x0000000800000000)
  region size 2048K, 32 young (65536K), 2 survivors (4096K)
 Metaspace       used 15855K, committed 16192K, reserved 1114112K
  class space    used 1848K, committed 1984K, reserved 1048576K

Heap Regions: E=young(eden), S=young(survivor), O=old, HS=humongous(starts), HC=humongous(continues), CS=collection set, F=free, TAMS=top-at-mark-start, PB=parsable bottom
|   0|0x0000000704e00000, 0x0000000705000000, 0x0000000705000000|100%| O|  |TAMS 0x0000000704e00000| PB 0x0000000704e00000| Untracked 
|   1|0x0000000705000000, 0x000000070518bdd0, 0x0000000705200000| 77%| O|  |TAMS 0x0000000705000000| PB 0x0000000705000000| Untracked 
|   2|0x0000000705200000, 0x0000000705200000, 0x0000000705400000|  0%| F|  |TAMS 0x0000000705200000| PB 0x0000000705200000| Untracked 
|   3|0x0000000705400000, 0x0000000705400000, 0x0000000705600000|  0%| F|  |TAMS 0x0000000705400000| PB 0x0000000705400000| Untracked 
|   4|0x0000000705600000, 0x0000000705600000, 0x0000000705800000|  0%| F|  |TAMS 0x0000000705600000| PB 0x0000000705600000| Untracked 
|   5|0x0000000705800000, 0x0000000705800000, 0x0000000705a00000|  0%| F|  |TAMS 0x0000000705800000| PB 0x0000000705800000| Untracked 
|   6|0x0000000705a00000, 0x0000000705a00000, 0x0000000705c00000|  0%| F|  |TAMS 0x0000000705a00000| PB 0x0000000705a00000| Untracked 
|   7|0x0000000705c00000, 0x0000000705c00000, 0x0000000705e00000|  0%| F|  |TAMS 0x0000000705c00000| PB 0x0000000705c00000| Untracked 
|   8|0x0000000705e00000, 0x0000000705e00000, 0x0000000706000000|  0%| F|  |TAMS 0x0000000705e00000| PB 0x0000000705e00000| Untracked 
|   9|0x0000000706000000, 0x0000000706000000, 0x0000000706200000|  0%| F|  |TAMS 0x0000000706000000| PB 0x0000000706000000| Untracked 
|  10|0x0000000706200000, 0x0000000706200000, 0x0000000706400000|  0%| F|  |TAMS 0x0000000706200000| PB 0x0000000706200000| Untracked 
|  11|0x0000000706400000, 0x0000000706400000, 0x0000000706600000|  0%| F|  |TAMS 0x0000000706400000| PB 0x0000000706400000| Untracked 
|  12|0x0000000706600000, 0x0000000706600000, 0x0000000706800000|  0%| F|  |TAMS 0x0000000706600000| PB 0x0000000706600000| Untracked 
|  13|0x0000000706800000, 0x0000000706800000, 0x0000000706a00000|  0%| F|  |TAMS 0x0000000706800000| PB 0x0000000706800000| Untracked 
|  14|0x0000000706a00000, 0x0000000706a00000, 0x0000000706c00000|  0%| F|  |TAMS 0x0000000706a00000| PB 0x0000000706a00000| Untracked 
|  15|0x0000000706c00000, 0x0000000706c00000, 0x0000000706e00000|  0%| F|  |TAMS 0x0000000706c00000| PB 0x0000000706c00000| Untracked 
|  16|0x0000000706e00000, 0x0000000706e00000, 0x0000000707000000|  0%| F|  |TAMS 0x0000000706e00000| PB 0x0000000706e00000| Untracked 
|  17|0x0000000707000000, 0x0000000707000000, 0x0000000707200000|  0%| F|  |TAMS 0x0000000707000000| PB 0x0000000707000000| Untracked 
|  18|0x0000000707200000, 0x0000000707200000, 0x0000000707400000|  0%| F|  |TAMS 0x0000000707200000| PB 0x0000000707200000| Untracked 
|  19|0x0000000707400000, 0x0000000707400000, 0x0000000707600000|  0%| F|  |TAMS 0x0000000707400000| PB 0x0000000707400000| Untracked 
|  20|0x0000000707600000, 0x0000000707600000, 0x0000000707800000|  0%| F|  |TAMS 0x0000000707600000| PB 0x0000000707600000| Untracked 
|  21|0x0000000707800000, 0x0000000707800000, 0x0000000707a00000|  0%| F|  |TAMS 0x0000000707800000| PB 0x0000000707800000| Untracked 
|  22|0x0000000707a00000, 0x0000000707a00000, 0x0000000707c00000|  0%| F|  |TAMS 0x0000000707a00000| PB 0x0000000707a00000| Untracked 
|  23|0x0000000707c00000, 0x0000000707c00000, 0x0000000707e00000|  0%| F|  |TAMS 0x0000000707c00000| PB 0x0000000707c00000| Untracked 
|  24|0x0000000707e00000, 0x0000000707e00000, 0x0000000708000000|  0%| F|  |TAMS 0x0000000707e00000| PB 0x0000000707e00000| Untracked 
|  25|0x0000000708000000, 0x0000000708000000, 0x0000000708200000|  0%| F|  |TAMS 0x0000000708000000| PB 0x0000000708000000| Untracked 
|  26|0x0000000708200000, 0x0000000708200000, 0x0000000708400000|  0%| F|  |TAMS 0x0000000708200000| PB 0x0000000708200000| Untracked 
|  27|0x0000000708400000, 0x0000000708400000, 0x0000000708600000|  0%| F|  |TAMS 0x0000000708400000| PB 0x0000000708400000| Untracked 
|  28|0x0000000708600000, 0x0000000708600000, 0x0000000708800000|  0%| F|  |TAMS 0x0000000708600000| PB 0x0000000708600000| Untracked 
|  29|0x0000000708800000, 0x0000000708800000, 0x0000000708a00000|  0%| F|  |TAMS 0x0000000708800000| PB 0x0000000708800000| Untracked 
|  30|0x0000000708a00000, 0x0000000708a00000, 0x0000000708c00000|  0%| F|  |TAMS 0x0000000708a00000| PB 0x0000000708a00000| Untracked 
|  31|0x0000000708c00000, 0x0000000708c00000, 0x0000000708e00000|  0%| F|  |TAMS 0x0000000708c00000| PB 0x0000000708c00000| Untracked 
|  32|0x0000000708e00000, 0x0000000708e00000, 0x0000000709000000|  0%| F|  |TAMS 0x0000000708e00000| PB 0x0000000708e00000| Untracked 
|  33|0x0000000709000000, 0x0000000709000000, 0x0000000709200000|  0%| F|  |TAMS 0x0000000709000000| PB 0x0000000709000000| Untracked 
|  34|0x0000000709200000, 0x0000000709200000, 0x0000000709400000|  0%| F|  |TAMS 0x0000000709200000| PB 0x0000000709200000| Untracked 
|  35|0x0000000709400000, 0x0000000709400000, 0x0000000709600000|  0%| F|  |TAMS 0x0000000709400000| PB 0x0000000709400000| Untracked 
|  36|0x0000000709600000, 0x0000000709600000, 0x0000000709800000|  0%| F|  |TAMS 0x0000000709600000| PB 0x0000000709600000| Untracked 
|  37|0x0000000709800000, 0x0000000709800000, 0x0000000709a00000|  0%| F|  |TAMS 0x0000000709800000| PB 0x0000000709800000| Untracked 
|  38|0x0000000709a00000, 0x0000000709a00000, 0x0000000709c00000|  0%| F|  |TAMS 0x0000000709a00000| PB 0x0000000709a00000| Untracked 
|  39|0x0000000709c00000, 0x0000000709c00000, 0x0000000709e00000|  0%| F|  |TAMS 0x0000000709c00000| PB 0x0000000709c00000| Untracked 
|  40|0x0000000709e00000, 0x0000000709e00000, 0x000000070a000000|  0%| F|  |TAMS 0x0000000709e00000| PB 0x0000000709e00000| Untracked 
|  41|0x000000070a000000, 0x000000070a000000, 0x000000070a200000|  0%| F|  |TAMS 0x000000070a000000| PB 0x000000070a000000| Untracked 
|  42|0x000000070a200000, 0x000000070a200000, 0x000000070a400000|  0%| F|  |TAMS 0x000000070a200000| PB 0x000000070a200000| Untracked 
|  43|0x000000070a400000, 0x000000070a400000, 0x000000070a600000|  0%| F|  |TAMS 0x000000070a400000| PB 0x000000070a400000| Untracked 
|  44|0x000000070a600000, 0x000000070a600000, 0x000000070a800000|  0%| F|  |TAMS 0x000000070a600000| PB 0x000000070a600000| Untracked 
|  45|0x000000070a800000, 0x000000070a800000, 0x000000070aa00000|  0%| F|  |TAMS 0x000000070a800000| PB 0x000000070a800000| Untracked 
|  46|0x000000070aa00000, 0x000000070aa00000, 0x000000070ac00000|  0%| F|  |TAMS 0x000000070aa00000| PB 0x000000070aa00000| Untracked 
|  47|0x000000070ac00000, 0x000000070ac00000, 0x000000070ae00000|  0%| F|  |TAMS 0x000000070ac00000| PB 0x000000070ac00000| Untracked 
|  48|0x000000070ae00000, 0x000000070ae00000, 0x000000070b000000|  0%| F|  |TAMS 0x000000070ae00000| PB 0x000000070ae00000| Untracked 
|  49|0x000000070b000000, 0x000000070b000000, 0x000000070b200000|  0%| F|  |TAMS 0x000000070b000000| PB 0x000000070b000000| Untracked 
|  50|0x000000070b200000, 0x000000070b200000, 0x000000070b400000|  0%| F|  |TAMS 0x000000070b200000| PB 0x000000070b200000| Untracked 
|  51|0x000000070b400000, 0x000000070b400000, 0x000000070b600000|  0%| F|  |TAMS 0x000000070b400000| PB 0x000000070b400000| Untracked 
|  52|0x000000070b600000, 0x000000070b600000, 0x000000070b800000|  0%| F|  |TAMS 0x000000070b600000| PB 0x000000070b600000| Untracked 
|  53|0x000000070b800000, 0x000000070b800000, 0x000000070ba00000|  0%| F|  |TAMS 0x000000070b800000| PB 0x000000070b800000| Untracked 
|  54|0x000000070ba00000, 0x000000070ba00000, 0x000000070bc00000|  0%| F|  |TAMS 0x000000070ba00000| PB 0x000000070ba00000| Untracked 
|  55|0x000000070bc00000, 0x000000070bc00000, 0x000000070be00000|  0%| F|  |TAMS 0x000000070bc00000| PB 0x000000070bc00000| Untracked 
|  56|0x000000070be00000, 0x000000070be00000, 0x000000070c000000|  0%| F|  |TAMS 0x000000070be00000| PB 0x000000070be00000| Untracked 
|  57|0x000000070c000000, 0x000000070c000000, 0x000000070c200000|  0%| F|  |TAMS 0x000000070c000000| PB 0x000000070c000000| Untracked 
|  58|0x000000070c200000, 0x000000070c200000, 0x000000070c400000|  0%| F|  |TAMS 0x000000070c200000| PB 0x000000070c200000| Untracked 
|  59|0x000000070c400000, 0x000000070c400000, 0x000000070c600000|  0%| F|  |TAMS 0x000000070c400000| PB 0x000000070c400000| Untracked 
|  60|0x000000070c600000, 0x000000070c600000, 0x000000070c800000|  0%| F|  |TAMS 0x000000070c600000| PB 0x000000070c600000| Untracked 
|  61|0x000000070c800000, 0x000000070c800000, 0x000000070ca00000|  0%| F|  |TAMS 0x000000070c800000| PB 0x000000070c800000| Untracked 
|  62|0x000000070ca00000, 0x000000070ca00000, 0x000000070cc00000|  0%| F|  |TAMS 0x000000070ca00000| PB 0x000000070ca00000| Untracked 
|  63|0x000000070cc00000, 0x000000070cc00000, 0x000000070ce00000|  0%| F|  |TAMS 0x000000070cc00000| PB 0x000000070cc00000| Untracked 
|  64|0x000000070ce00000, 0x000000070ce00000, 0x000000070d000000|  0%| F|  |TAMS 0x000000070ce00000| PB 0x000000070ce00000| Untracked 
|  65|0x000000070d000000, 0x000000070d000000, 0x000000070d200000|  0%| F|  |TAMS 0x000000070d000000| PB 0x000000070d000000| Untracked 
|  66|0x000000070d200000, 0x000000070d200000, 0x000000070d400000|  0%| F|  |TAMS 0x000000070d200000| PB 0x000000070d200000| Untracked 
|  67|0x000000070d400000, 0x000000070d400000, 0x000000070d600000|  0%| F|  |TAMS 0x000000070d400000| PB 0x000000070d400000| Untracked 
|  68|0x000000070d600000, 0x000000070d600000, 0x000000070d800000|  0%| F|  |TAMS 0x000000070d600000| PB 0x000000070d600000| Untracked 
|  69|0x000000070d800000, 0x000000070d800000, 0x000000070da00000|  0%| F|  |TAMS 0x000000070d800000| PB 0x000000070d800000| Untracked 
|  70|0x000000070da00000, 0x000000070da00000, 0x000000070dc00000|  0%| F|  |TAMS 0x000000070da00000| PB 0x000000070da00000| Untracked 
|  71|0x000000070dc00000, 0x000000070dc00000, 0x000000070de00000|  0%| F|  |TAMS 0x000000070dc00000| PB 0x000000070dc00000| Untracked 
|  72|0x000000070de00000, 0x000000070de00000, 0x000000070e000000|  0%| F|  |TAMS 0x000000070de00000| PB 0x000000070de00000| Untracked 
|  73|0x000000070e000000, 0x000000070e000000, 0x000000070e200000|  0%| F|  |TAMS 0x000000070e000000| PB 0x000000070e000000| Untracked 
|  74|0x000000070e200000, 0x000000070e200000, 0x000000070e400000|  0%| F|  |TAMS 0x000000070e200000| PB 0x000000070e200000| Untracked 
|  75|0x000000070e400000, 0x000000070e400000, 0x000000070e600000|  0%| F|  |TAMS 0x000000070e400000| PB 0x000000070e400000| Untracked 
|  76|0x000000070e600000, 0x000000070e600000, 0x000000070e800000|  0%| F|  |TAMS 0x000000070e600000| PB 0x000000070e600000| Untracked 
|  77|0x000000070e800000, 0x000000070e800000, 0x000000070ea00000|  0%| F|  |TAMS 0x000000070e800000| PB 0x000000070e800000| Untracked 
|  78|0x000000070ea00000, 0x000000070ea00000, 0x000000070ec00000|  0%| F|  |TAMS 0x000000070ea00000| PB 0x000000070ea00000| Untracked 
|  79|0x000000070ec00000, 0x000000070ec00000, 0x000000070ee00000|  0%| F|  |TAMS 0x000000070ec00000| PB 0x000000070ec00000| Untracked 
|  80|0x000000070ee00000, 0x000000070ee00000, 0x000000070f000000|  0%| F|  |TAMS 0x000000070ee00000| PB 0x000000070ee00000| Untracked 
|  81|0x000000070f000000, 0x000000070f000000, 0x000000070f200000|  0%| F|  |TAMS 0x000000070f000000| PB 0x000000070f000000| Untracked 
|  82|0x000000070f200000, 0x000000070f200000, 0x000000070f400000|  0%| F|  |TAMS 0x000000070f200000| PB 0x000000070f200000| Untracked 
|  83|0x000000070f400000, 0x000000070f400000, 0x000000070f600000|  0%| F|  |TAMS 0x000000070f400000| PB 0x000000070f400000| Untracked 
|  84|0x000000070f600000, 0x000000070f600000, 0x000000070f800000|  0%| F|  |TAMS 0x000000070f600000| PB 0x000000070f600000| Untracked 
|  85|0x000000070f800000, 0x000000070f800000, 0x000000070fa00000|  0%| F|  |TAMS 0x000000070f800000| PB 0x000000070f800000| Untracked 
|  86|0x000000070fa00000, 0x000000070fa00000, 0x000000070fc00000|  0%| F|  |TAMS 0x000000070fa00000| PB 0x000000070fa00000| Untracked 
|  87|0x000000070fc00000, 0x000000070fc00000, 0x000000070fe00000|  0%| F|  |TAMS 0x000000070fc00000| PB 0x000000070fc00000| Untracked 
|  88|0x000000070fe00000, 0x000000070fe00000, 0x0000000710000000|  0%| F|  |TAMS 0x000000070fe00000| PB 0x000000070fe00000| Untracked 
|  89|0x0000000710000000, 0x0000000710000000, 0x0000000710200000|  0%| F|  |TAMS 0x0000000710000000| PB 0x0000000710000000| Untracked 
|  90|0x0000000710200000, 0x0000000710200000, 0x0000000710400000|  0%| F|  |TAMS 0x0000000710200000| PB 0x0000000710200000| Untracked 
|  91|0x0000000710400000, 0x0000000710400000, 0x0000000710600000|  0%| F|  |TAMS 0x0000000710400000| PB 0x0000000710400000| Untracked 
|  92|0x0000000710600000, 0x0000000710600000, 0x0000000710800000|  0%| F|  |TAMS 0x0000000710600000| PB 0x0000000710600000| Untracked 
|  93|0x0000000710800000, 0x0000000710800000, 0x0000000710a00000|  0%| F|  |TAMS 0x0000000710800000| PB 0x0000000710800000| Untracked 
|  94|0x0000000710a00000, 0x0000000710a9ce10, 0x0000000710c00000| 30%| E|  |TAMS 0x0000000710a00000| PB 0x0000000710a00000| Complete 
|  95|0x0000000710c00000, 0x0000000710e00000, 0x0000000710e00000|100%| E|CS|TAMS 0x0000000710c00000| PB 0x0000000710c00000| Complete 
|  96|0x0000000710e00000, 0x0000000711000000, 0x0000000711000000|100%| E|CS|TAMS 0x0000000710e00000| PB 0x0000000710e00000| Complete 
|  97|0x0000000711000000, 0x0000000711200000, 0x0000000711200000|100%| E|CS|TAMS 0x0000000711000000| PB 0x0000000711000000| Complete 
|  98|0x0000000711200000, 0x0000000711400000, 0x0000000711400000|100%| E|CS|TAMS 0x0000000711200000| PB 0x0000000711200000| Complete 
|  99|0x0000000711400000, 0x0000000711600000, 0x0000000711600000|100%| E|CS|TAMS 0x0000000711400000| PB 0x0000000711400000| Complete 
| 100|0x0000000711600000, 0x0000000711800000, 0x0000000711800000|100%| E|CS|TAMS 0x0000000711600000| PB 0x0000000711600000| Complete 
| 101|0x0000000711800000, 0x0000000711a00000, 0x0000000711a00000|100%| E|CS|TAMS 0x0000000711800000| PB 0x0000000711800000| Complete 
| 102|0x0000000711a00000, 0x0000000711c00000, 0x0000000711c00000|100%| E|CS|TAMS 0x0000000711a00000| PB 0x0000000711a00000| Complete 
| 103|0x0000000711c00000, 0x0000000711e00000, 0x0000000711e00000|100%| E|CS|TAMS 0x0000000711c00000| PB 0x0000000711c00000| Complete 
| 104|0x0000000711e00000, 0x0000000712000000, 0x0000000712000000|100%| E|CS|TAMS 0x0000000711e00000| PB 0x0000000711e00000| Complete 
| 105|0x0000000712000000, 0x0000000712200000, 0x0000000712200000|100%| E|CS|TAMS 0x0000000712000000| PB 0x0000000712000000| Complete 
| 106|0x0000000712200000, 0x0000000712219020, 0x0000000712400000|  4%| S|CS|TAMS 0x0000000712200000| PB 0x0000000712200000| Complete 
| 107|0x0000000712400000, 0x0000000712600000, 0x0000000712600000|100%| S|CS|TAMS 0x0000000712400000| PB 0x0000000712400000| Complete 
| 108|0x0000000712600000, 0x0000000712800000, 0x0000000712800000|100%| E|CS|TAMS 0x0000000712600000| PB 0x0000000712600000| Complete 
| 109|0x0000000712800000, 0x0000000712a00000, 0x0000000712a00000|100%| E|CS|TAMS 0x0000000712800000| PB 0x0000000712800000| Complete 
| 110|0x0000000712a00000, 0x0000000712c00000, 0x0000000712c00000|100%| E|CS|TAMS 0x0000000712a00000| PB 0x0000000712a00000| Complete 
| 111|0x0000000712c00000, 0x0000000712e00000, 0x0000000712e00000|100%| E|CS|TAMS 0x0000000712c00000| PB 0x0000000712c00000| Complete 
| 112|0x0000000712e00000, 0x0000000713000000, 0x0000000713000000|100%| E|CS|TAMS 0x0000000712e00000| PB 0x0000000712e00000| Complete 
| 113|0x0000000713000000, 0x0000000713200000, 0x0000000713200000|100%| E|CS|TAMS 0x0000000713000000| PB 0x0000000713000000| Complete 
| 114|0x0000000713200000, 0x0000000713400000, 0x0000000713400000|100%| E|CS|TAMS 0x0000000713200000| PB 0x0000000713200000| Complete 
| 115|0x0000000713400000, 0x0000000713600000, 0x0000000713600000|100%| E|CS|TAMS 0x0000000713400000| PB 0x0000000713400000| Complete 
| 116|0x0000000713600000, 0x0000000713800000, 0x0000000713800000|100%| E|CS|TAMS 0x0000000713600000| PB 0x0000000713600000| Complete 
| 117|0x0000000713800000, 0x0000000713a00000, 0x0000000713a00000|100%| E|CS|TAMS 0x0000000713800000| PB 0x0000000713800000| Complete 
| 118|0x0000000713a00000, 0x0000000713c00000, 0x0000000713c00000|100%| E|CS|TAMS 0x0000000713a00000| PB 0x0000000713a00000| Complete 
| 119|0x0000000713c00000, 0x0000000713e00000, 0x0000000713e00000|100%| E|CS|TAMS 0x0000000713c00000| PB 0x0000000713c00000| Complete 
| 120|0x0000000713e00000, 0x0000000714000000, 0x0000000714000000|100%| E|CS|TAMS 0x0000000713e00000| PB 0x0000000713e00000| Complete 
| 121|0x0000000714000000, 0x0000000714200000, 0x0000000714200000|100%| E|CS|TAMS 0x0000000714000000| PB 0x0000000714000000| Complete 
| 122|0x0000000714200000, 0x0000000714400000, 0x0000000714400000|100%| E|CS|TAMS 0x0000000714200000| PB 0x0000000714200000| Complete 
| 123|0x0000000714400000, 0x0000000714600000, 0x0000000714600000|100%| E|CS|TAMS 0x0000000714400000| PB 0x0000000714400000| Complete 
| 124|0x0000000714600000, 0x0000000714800000, 0x0000000714800000|100%| E|CS|TAMS 0x0000000714600000| PB 0x0000000714600000| Complete 
| 125|0x0000000714800000, 0x0000000714a00000, 0x0000000714a00000|100%| E|CS|TAMS 0x0000000714800000| PB 0x0000000714800000| Complete 

Card table byte_map: [0x0000023232590000,0x0000023232d70000] _byte_map_base: 0x000002322ed69000

Marking Bits: (CMBitMap*) 0x00000232186dd060
 Bits: [0x0000023232d70000, 0x0000023236c38000)

Polling page: 0x0000023218740000

Metaspace:

Usage:
  Non-class:     13.68 MB used.
      Class:      1.81 MB used.
       Both:     15.48 MB used.

Virtual space:
  Non-class space:       64.00 MB reserved,      13.88 MB ( 22%) committed,  1 nodes.
      Class space:        1.00 GB reserved,       1.94 MB ( <1%) committed,  1 nodes.
             Both:        1.06 GB reserved,      15.81 MB (  1%) committed. 

Chunk freelists:
   Non-Class:  1.80 MB
       Class:  13.92 MB
        Both:  15.72 MB

MaxMetaspaceSize: unlimited
CompressedClassSpaceSize: 1.00 GB
Initial GC threshold: 21.00 MB
Current GC threshold: 21.00 MB
CDS: on
 - commit_granule_bytes: 65536.
 - commit_granule_words: 8192.
 - virtual_space_node_default_size: 8388608.
 - enlarge_chunks_in_place: 1.
 - use_allocation_guard: 0.


Internal statistics:

num_allocs_failed_limit: 0.
num_arena_births: 176.
num_arena_deaths: 0.
num_vsnodes_births: 2.
num_vsnodes_deaths: 0.
num_space_committed: 253.
num_space_uncommitted: 0.
num_chunks_returned_to_freelist: 0.
num_chunks_taken_from_freelist: 692.
num_chunk_merges: 0.
num_chunk_splits: 487.
num_chunks_enlarged: 403.
num_inconsistent_stats: 0.

CodeHeap 'non-profiled nmethods': size=120000Kb used=1629Kb max_used=1629Kb free=118370Kb
 bounds [0x0000023229bf0000, 0x0000023229e60000, 0x0000023231120000]
CodeHeap 'profiled nmethods': size=120000Kb used=7252Kb max_used=7252Kb free=112747Kb
 bounds [0x0000023222120000, 0x0000023222840000, 0x0000023229650000]
CodeHeap 'non-nmethods': size=5760Kb used=1397Kb max_used=1436Kb free=4362Kb
 bounds [0x0000023229650000, 0x00000232298c0000, 0x0000023229bf0000]
 total_blobs=4186 nmethods=3694 adapters=396
 compilation: enabled
              stopped_count=0, restarted_count=0
 full_count=0

Compilation events (20 events):
Event: 11.079 Thread 0x00000232390d6c00 nmethod 3654 0x000002322280de10 code [0x000002322280dfa0, 0x000002322280e170]
Event: 11.079 Thread 0x00000232390d6c00 3655       3       java.util.Collections$1::next (25 bytes)
Event: 11.079 Thread 0x00000232390d6c00 nmethod 3655 0x000002322280e210 code [0x000002322280e3c0, 0x000002322280e5e8]
Event: 11.080 Thread 0x00000232390d6c00 3656   !   3       sun.nio.ch.NativeThreadSet::add (155 bytes)
Event: 11.080 Thread 0x00000232390d6c00 nmethod 3656 0x000002322280e710 code [0x000002322280e900, 0x000002322280ef30]
Event: 11.080 Thread 0x00000232390d6c00 3657       3       sun.nio.ch.FileChannelImpl::ensureOpen (16 bytes)
Event: 11.080 Thread 0x00000232390d6c00 nmethod 3657 0x000002322280f210 code [0x000002322280f3c0, 0x000002322280f638]
Event: 11.080 Thread 0x00000232390d6c00 3658   !   3       java.io.FileInputStream::close (69 bytes)
Event: 11.081 Thread 0x00000232390d6c00 nmethod 3658 0x000002322280f710 code [0x000002322280f900, 0x000002322280fe68]
Event: 11.083 Thread 0x00000232390d3f10 nmethod 3647 0x0000023229d82390 code [0x0000023229d82600, 0x0000023229d833e8]
Event: 11.085 Thread 0x00000232390d3f10 3659       4       org.codehaus.plexus.util.xml.pull.MXParser::parseAttribute (1429 bytes)
Event: 11.085 Thread 0x00000232390d6c00 3660       3       org.codehaus.plexus.util.xml.pull.MXParser::isValidCodePoint (64 bytes)
Event: 11.086 Thread 0x00000232390d6c00 nmethod 3660 0x0000023222810010 code [0x00000232228101c0, 0x00000232228104c0]
Event: 11.086 Thread 0x00000232390d6c00 3661   !   3       org.codehaus.plexus.util.xml.pull.MXParser::parseComment (590 bytes)
Event: 11.087 Thread 0x00000232390d6c00 nmethod 3661 0x0000023222810590 code [0x0000023222810a60, 0x0000023222812b60]
Event: 11.087 Thread 0x00000232390d6c00 3662 %     3       org.codehaus.plexus.util.xml.pull.MXParser::nextImpl @ 193 (1203 bytes)
Event: 11.089 Thread 0x00000232390d6c00 nmethod 3662% 0x0000023222813c90 code [0x0000023222814320, 0x00000232228174c0]
Event: 11.089 Thread 0x00000232390d6c00 3663       3       java.io.File::<init> (20 bytes)
Event: 11.089 Thread 0x00000232390d6c00 nmethod 3663 0x0000023222818390 code [0x0000023222818540, 0x0000023222818748]
Event: 11.114 Thread 0x00000232390d6c00 3664       3       org.codehaus.plexus.util.xml.pull.MXParser::nextImpl (1203 bytes)

GC Heap History (4 events):
Event: 0.569 GC heap before
{Heap before GC invocations=0 (full 0):
 garbage-first heap   total 258048K, used 22528K [0x0000000704e00000, 0x0000000800000000)
  region size 2048K, 11 young (22528K), 0 survivors (0K)
 Metaspace       used 5623K, committed 5824K, reserved 1114112K
  class space    used 650K, committed 768K, reserved 1048576K
}
Event: 0.574 GC heap after
{Heap after GC invocations=1 (full 0):
 garbage-first heap   total 258048K, used 3810K [0x0000000704e00000, 0x0000000800000000)
  region size 2048K, 2 young (4096K), 2 survivors (4096K)
 Metaspace       used 5623K, committed 5824K, reserved 1114112K
  class space    used 650K, committed 768K, reserved 1048576K
}
Event: 0.899 GC heap before
{Heap before GC invocations=1 (full 0):
 garbage-first heap   total 258048K, used 36578K [0x0000000704e00000, 0x0000000800000000)
  region size 2048K, 18 young (36864K), 2 survivors (4096K)
 Metaspace       used 10162K, committed 10304K, reserved 1114112K
  class space    used 1199K, committed 1280K, reserved 1048576K
}
Event: 0.902 GC heap after
{Heap after GC invocations=2 (full 0):
 garbage-first heap   total 258048K, used 5779K [0x0000000704e00000, 0x0000000800000000)
  region size 2048K, 2 young (4096K), 2 survivors (4096K)
 Metaspace       used 10162K, committed 10304K, reserved 1114112K
  class space    used 1199K, committed 1280K, reserved 1048576K
}

Dll operation events (8 events):
Event: 0.009 Loaded shared library D:\Program Files\JDK\jdk-21\bin\java.dll
Event: 0.160 Loaded shared library D:\Program Files\JDK\jdk-21\bin\jsvml.dll
Event: 0.181 Loaded shared library D:\Program Files\JDK\jdk-21\bin\net.dll
Event: 0.184 Loaded shared library D:\Program Files\JDK\jdk-21\bin\nio.dll
Event: 0.190 Loaded shared library D:\Program Files\JDK\jdk-21\bin\zip.dll
Event: 0.323 Loaded shared library D:\Program Files\JDK\jdk-21\bin\jimage.dll
Event: 0.325 Loaded shared library D:\Program Files\apache-maven-3.9.9\lib\jansi-native\Windows\x86_64\jansi.dll
Event: 0.334 Loaded shared library D:\Program Files\JDK\jdk-21\bin\verify.dll

Deoptimization events (20 events):
Event: 11.085 Thread 0x0000023218679470 Uncommon trap: trap_request=0xffffff45 fr.pc=0x0000023229d3135c relative=0x000000000000005c
Event: 11.085 Thread 0x0000023218679470 Uncommon trap: reason=unstable_if action=reinterpret pc=0x0000023229d3135c method=org.codehaus.plexus.util.xml.pull.MXParser.isValidCodePoint(I)Z @ 15 c2
Event: 11.085 Thread 0x0000023218679470 DEOPT PACKING pc=0x0000023229d3135c sp=0x0000004ac5afc6c0
Event: 11.085 Thread 0x0000023218679470 DEOPT UNPACKING pc=0x00000232296a46a2 sp=0x0000004ac5afc658 mode 2
Event: 11.086 Thread 0x0000023218679470 Uncommon trap: trap_request=0xffffff45 fr.pc=0x0000023229d419d4 relative=0x0000000000000494
Event: 11.086 Thread 0x0000023218679470 Uncommon trap: reason=unstable_if action=reinterpret pc=0x0000023229d419d4 method=org.codehaus.plexus.util.xml.pull.MXParser.isValidCodePoint(I)Z @ 15 c2
Event: 11.086 Thread 0x0000023218679470 DEOPT PACKING pc=0x0000023229d419d4 sp=0x0000004ac5afc670
Event: 11.086 Thread 0x0000023218679470 DEOPT UNPACKING pc=0x00000232296a46a2 sp=0x0000004ac5afc5b8 mode 2
Event: 11.086 Thread 0x0000023218679470 Uncommon trap: trap_request=0xffffff45 fr.pc=0x0000023229d2b3b4 relative=0x00000000000015f4
Event: 11.086 Thread 0x0000023218679470 Uncommon trap: reason=unstable_if action=reinterpret pc=0x0000023229d2b3b4 method=org.codehaus.plexus.util.xml.pull.MXParser.nextImpl()I @ 280 c2
Event: 11.086 Thread 0x0000023218679470 DEOPT PACKING pc=0x0000023229d2b3b4 sp=0x0000004ac5afc4f0
Event: 11.086 Thread 0x0000023218679470 DEOPT UNPACKING pc=0x00000232296a46a2 sp=0x0000004ac5afc498 mode 2
Event: 11.086 Thread 0x0000023218679470 Uncommon trap: trap_request=0xffffffbe fr.pc=0x0000023229d831d0 relative=0x0000000000000bd0
Event: 11.086 Thread 0x0000023218679470 Uncommon trap: reason=profile_predicate action=maybe_recompile pc=0x0000023229d831d0 method=java.util.regex.Pattern$CharPropertyGreedy.match(Ljava/util/regex/Matcher;ILjava/lang/CharSequence;)Z @ 103 c2
Event: 11.086 Thread 0x0000023218679470 DEOPT PACKING pc=0x0000023229d831d0 sp=0x0000004ac5afc290
Event: 11.086 Thread 0x0000023218679470 DEOPT UNPACKING pc=0x00000232296a46a2 sp=0x0000004ac5afc220 mode 2
Event: 11.086 Thread 0x0000023218679470 Uncommon trap: trap_request=0xffffffbe fr.pc=0x0000023229d831d0 relative=0x0000000000000bd0
Event: 11.086 Thread 0x0000023218679470 Uncommon trap: reason=profile_predicate action=maybe_recompile pc=0x0000023229d831d0 method=java.util.regex.Pattern$CharPropertyGreedy.match(Ljava/util/regex/Matcher;ILjava/lang/CharSequence;)Z @ 103 c2
Event: 11.086 Thread 0x0000023218679470 DEOPT PACKING pc=0x0000023229d831d0 sp=0x0000004ac5afc3b0
Event: 11.086 Thread 0x0000023218679470 DEOPT UNPACKING pc=0x00000232296a46a2 sp=0x0000004ac5afc340 mode 2

Classes loaded (20 events):
Event: 2.272 Loading class sun/nio/ch/Interruptible done
Event: 2.272 Loading class java/nio/channels/spi/AbstractInterruptibleChannel$1 done
Event: 2.272 Loading class java/util/AbstractMap$2
Event: 2.273 Loading class java/util/AbstractMap$2 done
Event: 2.273 Loading class java/util/AbstractMap$2$1
Event: 2.273 Loading class java/util/AbstractMap$2$1 done
Event: 2.321 Loading class java/util/StringTokenizer
Event: 2.321 Loading class java/util/StringTokenizer done
Event: 3.408 Loading class java/util/stream/Streams$RangeIntSpliterator
Event: 3.408 Loading class java/util/stream/Streams$RangeIntSpliterator done
Event: 7.865 Loading class java/util/stream/MatchOps$MatchKind
Event: 7.865 Loading class java/util/stream/MatchOps$MatchKind done
Event: 7.865 Loading class java/util/stream/MatchOps
Event: 7.865 Loading class java/util/stream/MatchOps done
Event: 7.865 Loading class java/util/stream/MatchOps$MatchOp
Event: 7.866 Loading class java/util/stream/MatchOps$MatchOp done
Event: 7.866 Loading class java/util/stream/MatchOps$BooleanTerminalSink
Event: 7.866 Loading class java/util/stream/MatchOps$BooleanTerminalSink done
Event: 7.866 Loading class java/util/stream/MatchOps$1MatchSink
Event: 7.866 Loading class java/util/stream/MatchOps$1MatchSink done

Classes unloaded (0 events):
No events

Classes redefined (0 events):
No events

Internal exceptions (20 events):
Event: 0.942 Thread 0x0000023218679470 Exception <a 'java/lang/NoSuchMethodError'{0x00000007147e8228}: 'java.lang.Object java.lang.invoke.DirectMethodHandle$Holder.invokeSpecial(java.lang.Object, java.lang.Object, java.lang.Object, int, java.lang.Object)'> (0x00000007147e8228) 
thrown [s\open\src\hotspot\share\interpreter\linkResolver.cpp, line 773]
Event: 0.943 Thread 0x0000023218679470 Exception <a 'java/lang/NoSuchMethodError'{0x00000007147f0368}: 'int java.lang.invoke.DirectMethodHandle$Holder.invokeSpecial(java.lang.Object, java.lang.Object, java.lang.Object, int)'> (0x00000007147f0368) 
thrown [s\open\src\hotspot\share\interpreter\linkResolver.cpp, line 773]
Event: 0.945 Thread 0x0000023218679470 Implicit null exception at 0x0000023229c7b95d to 0x0000023229c7bba8
Event: 0.945 Thread 0x0000023218679470 Exception <a 'java/lang/NoSuchMethodError'{0x0000000714414f40}: 'java.lang.Object java.lang.invoke.Invokers$Holder.invokeExact_MT(java.lang.Object, int, java.lang.Object)'> (0x0000000714414f40) 
thrown [s\open\src\hotspot\share\interpreter\linkResolver.cpp, line 773]
Event: 1.058 Thread 0x0000023218679470 Exception <a 'java/lang/NoSuchMethodError'{0x0000000713ffe948}: 'void java.lang.invoke.Invokers$Holder.invokeExact_MT(java.lang.Object, java.lang.Object, java.lang.Object, java.lang.Object)'> (0x0000000713ffe948) 
thrown [s\open\src\hotspot\share\interpreter\linkResolver.cpp, line 773]
Event: 1.069 Thread 0x0000023218679470 Exception <a 'java/lang/NoClassDefFoundError'{0x0000000713c88818}: com/google/inject/servlet/ServletModuleTargetVisitor> (0x0000000713c88818) 
thrown [s\open\src\hotspot\share\classfile\systemDictionary.cpp, line 301]
Event: 1.108 Thread 0x0000023218679470 Exception <a 'java/lang/NoSuchMethodError'{0x0000000713a49620}: 'void java.lang.invoke.DirectMethodHandle$Holder.invokeVirtual(java.lang.Object, java.lang.Object)'> (0x0000000713a49620) 
thrown [s\open\src\hotspot\share\interpreter\linkResolver.cpp, line 773]
Event: 1.131 Thread 0x0000023218679470 Exception <a 'java/lang/NoSuchMethodError'{0x0000000713ac8af8}: 'java.lang.Object java.lang.invoke.DirectMethodHandle$Holder.invokeStaticInit(java.lang.Object, int, int, int, int)'> (0x0000000713ac8af8) 
thrown [s\open\src\hotspot\share\interpreter\linkResolver.cpp, line 773]
Event: 2.256 Thread 0x0000023218679470 Implicit null exception at 0x0000023229c1eaa4 to 0x0000023229c1f11c
Event: 2.256 Thread 0x0000023218679470 Implicit null exception at 0x0000023229c2c8a0 to 0x0000023229c2cf0c
Event: 2.277 Thread 0x0000023218679470 Exception <a 'java/lang/NoSuchMethodError'{0x000000071348bec8}: 'void java.lang.invoke.DirectMethodHandle$Holder.invokeSpecial(java.lang.Object, java.lang.Object, java.lang.Object, java.lang.Object, java.lang.Object)'> (0x000000071348bec8) 
thrown [s\open\src\hotspot\share\interpreter\linkResolver.cpp, line 773]
Event: 2.279 Thread 0x0000023218679470 Exception <a 'java/lang/NoSuchMethodError'{0x00000007134a2058}: 'void java.lang.invoke.DirectMethodHandle$Holder.invokeSpecial(java.lang.Object, java.lang.Object, java.lang.Object, java.lang.Object, java.lang.Object, java.lang.Object)'> (0x00000007134a2058) 
thrown [s\open\src\hotspot\share\interpreter\linkResolver.cpp, line 773]
Event: 2.290 Thread 0x0000023218679470 Exception <a 'java/lang/NoSuchMethodError'{0x00000007135960e0}: 'java.lang.Object java.lang.invoke.DirectMethodHandle$Holder.invokeVirtual(java.lang.Object, java.lang.Object, java.lang.Object)'> (0x00000007135960e0) 
thrown [s\open\src\hotspot\share\interpreter\linkResolver.cpp, line 773]
Event: 2.328 Thread 0x0000023218679470 Exception <a 'java/lang/NoSuchMethodError'{0x00000007132f7fd0}: 'void java.lang.invoke.DirectMethodHandle$Holder.invokeVirtual(java.lang.Object, java.lang.Object, int)'> (0x00000007132f7fd0) 
thrown [s\open\src\hotspot\share\interpreter\linkResolver.cpp, line 773]
Event: 2.329 Thread 0x0000023218679470 Exception <a 'java/lang/NoSuchMethodError'{0x00000007132fbd80}: 'void java.lang.invoke.DirectMethodHandle$Holder.invokeSpecial(java.lang.Object, java.lang.Object, java.lang.Object, int)'> (0x00000007132fbd80) 
thrown [s\open\src\hotspot\share\interpreter\linkResolver.cpp, line 773]
Event: 2.329 Thread 0x0000023218679470 Exception <a 'java/lang/NoSuchMethodError'{0x00000007132ff450}: 'void java.lang.invoke.DelegatingMethodHandle$Holder.reinvoke_L(java.lang.Object, java.lang.Object, int)'> (0x00000007132ff450) 
thrown [s\open\src\hotspot\share\interpreter\linkResolver.cpp, line 773]
Event: 9.959 Thread 0x0000023218679470 Implicit null exception at 0x0000023229d2166d to 0x0000023229d229fc
Event: 9.959 Thread 0x0000023218679470 Implicit null exception at 0x0000023229cb359d to 0x0000023229cb37c0
Event: 9.960 Thread 0x0000023218679470 Implicit null exception at 0x0000023229d0a00d to 0x0000023229d0a89c
Event: 9.969 Thread 0x0000023218679470 Exception <a 'java/lang/NoSuchMethodError'{0x00000007117860d8}: 'int java.lang.invoke.DirectMethodHandle$Holder.invokeSpecialIFC(java.lang.Object, java.lang.Object, java.lang.Object, java.lang.Object)'> (0x00000007117860d8) 
thrown [s\open\src\hotspot\share\interpreter\linkResolver.cpp, line 773]

ZGC Phase Switch (0 events):
No events

VM Operations (20 events):
Event: 2.149 Executing VM operation: Cleanup
Event: 2.149 Executing VM operation: Cleanup done
Event: 2.225 Executing VM operation: HandshakeAllThreads (Deoptimize)
Event: 2.225 Executing VM operation: HandshakeAllThreads (Deoptimize) done
Event: 3.234 Executing VM operation: Cleanup
Event: 3.390 Executing VM operation: Cleanup done
Event: 4.395 Executing VM operation: Cleanup
Event: 5.459 Executing VM operation: Cleanup done
Event: 6.463 Executing VM operation: Cleanup
Event: 6.643 Executing VM operation: Cleanup done
Event: 7.649 Executing VM operation: Cleanup
Event: 7.649 Executing VM operation: Cleanup done
Event: 8.657 Executing VM operation: Cleanup
Event: 8.657 Executing VM operation: Cleanup done
Event: 10.673 Executing VM operation: Cleanup
Event: 10.673 Executing VM operation: Cleanup done
Event: 11.674 Executing VM operation: Cleanup
Event: 12.107 Executing VM operation: Cleanup done
Event: 13.116 Executing VM operation: Cleanup
Event: 13.116 Executing VM operation: Cleanup done

Events (18 events):
Event: 0.140 Thread 0x0000023218679470 Thread added: 0x0000023218679470
Event: 0.157 Thread 0x00000232390c8040 Thread added: 0x00000232390c8040
Event: 0.157 Thread 0x00000232390c8c90 Thread added: 0x00000232390c8c90
Event: 0.157 Thread 0x00000232390cf290 Thread added: 0x00000232390cf290
Event: 0.157 Thread 0x00000232390cfce0 Thread added: 0x00000232390cfce0
Event: 0.157 Thread 0x00000232390d0730 Thread added: 0x00000232390d0730
Event: 0.157 Thread 0x00000232390d1180 Thread added: 0x00000232390d1180
Event: 0.157 Thread 0x00000232390d3f10 Thread added: 0x00000232390d3f10
Event: 0.158 Thread 0x00000232390d6c00 Thread added: 0x00000232390d6c00
Event: 0.174 Thread 0x0000023239bf1350 Thread added: 0x0000023239bf1350
Event: 0.178 Thread 0x0000023239c02510 Thread added: 0x0000023239c02510
Event: 0.322 Thread 0x000002327f05b560 Thread added: 0x000002327f05b560
Event: 0.328 Thread 0x000002327f05b560 Thread exited: 0x000002327f05b560
Event: 0.397 Thread 0x00000232390d72d0 Thread added: 0x00000232390d72d0
Event: 0.554 Thread 0x00000232390d8070 Thread added: 0x00000232390d8070
Event: 2.174 Thread 0x00000232390d8070 Thread exited: 0x00000232390d8070
Event: 2.175 Thread 0x00000232006b68d0 Thread added: 0x00000232006b68d0
Event: 11.014 Thread 0x00000232390d72d0 Thread exited: 0x00000232390d72d0


Dynamic libraries:
0x00007ff6d9f40000 - 0x00007ff6d9f50000 	D:\Program Files\JDK\jdk-21\bin\java.exe
0x00007ff9cf080000 - 0x00007ff9cf2e9000 	C:\WINDOWS\SYSTEM32\ntdll.dll
0x00007ff9cda40000 - 0x00007ff9cdb09000 	C:\WINDOWS\System32\KERNEL32.DLL
0x00007ff9cc840000 - 0x00007ff9ccc33000 	C:\WINDOWS\System32\KERNELBASE.dll
0x00007ff9cc240000 - 0x00007ff9cc38b000 	C:\WINDOWS\System32\ucrtbase.dll
0x00007ff9a1520000 - 0x00007ff9a1539000 	D:\Program Files\JDK\jdk-21\bin\jli.dll
0x00007ff9c67b0000 - 0x00007ff9c67cb000 	D:\Program Files\JDK\jdk-21\bin\VCRUNTIME140.dll
0x00007ff9cdc20000 - 0x00007ff9cdcd4000 	C:\WINDOWS\System32\ADVAPI32.dll
0x00007ff9cdce0000 - 0x00007ff9cdd89000 	C:\WINDOWS\System32\msvcrt.dll
0x00007ff9cd6b0000 - 0x00007ff9cd756000 	C:\WINDOWS\System32\sechost.dll
0x00007ff9cea30000 - 0x00007ff9ceb48000 	C:\WINDOWS\System32\RPCRT4.dll
0x00007ff9cd4c0000 - 0x00007ff9cd684000 	C:\WINDOWS\System32\USER32.dll
0x00007ff9cc210000 - 0x00007ff9cc237000 	C:\WINDOWS\System32\win32u.dll
0x00007ff9afe90000 - 0x00007ff9b0123000 	C:\WINDOWS\WinSxS\amd64_microsoft.windows.common-controls_6595b64144ccf1df_6.0.26100.5074_none_3e0d6f78e32fd63f\COMCTL32.dll
0x00007ff9cea00000 - 0x00007ff9cea2b000 	C:\WINDOWS\System32\GDI32.dll
0x00007ff9cc650000 - 0x00007ff9cc77d000 	C:\WINDOWS\System32\gdi32full.dll
0x00007ff9cc390000 - 0x00007ff9cc433000 	C:\WINDOWS\System32\msvcp_win.dll
0x00007ff9bb4b0000 - 0x00007ff9bb4bb000 	C:\WINDOWS\SYSTEM32\VERSION.dll
0x00007ff9cda00000 - 0x00007ff9cda2f000 	C:\WINDOWS\System32\IMM32.DLL
0x00007ff9c8380000 - 0x00007ff9c838c000 	D:\Program Files\JDK\jdk-21\bin\vcruntime140_1.dll
0x00007ff99fd00000 - 0x00007ff99fd8e000 	D:\Program Files\JDK\jdk-21\bin\msvcp140.dll
0x00007ff9539a0000 - 0x00007ff9546b8000 	D:\Program Files\JDK\jdk-21\bin\server\jvm.dll
0x00007ff9cdb40000 - 0x00007ff9cdbb4000 	C:\WINDOWS\System32\WS2_32.dll
0x00007ff9cc070000 - 0x00007ff9cc0ce000 	C:\WINDOWS\SYSTEM32\POWRPROF.dll
0x00007ff9c90c0000 - 0x00007ff9c90f5000 	C:\WINDOWS\SYSTEM32\WINMM.dll
0x00007ff9cc050000 - 0x00007ff9cc064000 	C:\WINDOWS\SYSTEM32\UMPDC.dll
0x00007ff9cafc0000 - 0x00007ff9cafdb000 	C:\WINDOWS\SYSTEM32\kernel.appcore.dll
0x00007ff9c68b0000 - 0x00007ff9c68ba000 	D:\Program Files\JDK\jdk-21\bin\jimage.dll
0x00007ff9c9a20000 - 0x00007ff9c9c62000 	C:\WINDOWS\SYSTEM32\DBGHELP.DLL
0x00007ff9cd040000 - 0x00007ff9cd3bb000 	C:\WINDOWS\System32\combase.dll
0x00007ff9ce000000 - 0x00007ff9ce0d7000 	C:\WINDOWS\System32\OLEAUT32.dll
0x00007ff9ba640000 - 0x00007ff9ba67d000 	C:\WINDOWS\SYSTEM32\dbgcore.DLL
0x00007ff9cc5b0000 - 0x00007ff9cc649000 	C:\WINDOWS\System32\bcryptPrimitives.dll
0x00007ff9bc1c0000 - 0x00007ff9bc1df000 	D:\Program Files\JDK\jdk-21\bin\java.dll
0x00007ff9ce1b0000 - 0x00007ff9ce8fd000 	C:\WINDOWS\System32\SHELL32.dll
0x00007ff9cc440000 - 0x00007ff9cc5ac000 	C:\WINDOWS\System32\wintypes.dll
0x00007ff9c9e30000 - 0x00007ff9ca689000 	C:\WINDOWS\SYSTEM32\windows.storage.dll
0x00007ff9cd760000 - 0x00007ff9cd850000 	C:\WINDOWS\System32\SHCORE.dll
0x00007ff9ce990000 - 0x00007ff9ce9f2000 	C:\WINDOWS\System32\shlwapi.dll
0x00007ff9cc130000 - 0x00007ff9cc159000 	C:\WINDOWS\SYSTEM32\profapi.dll
0x00007ff982550000 - 0x00007ff982627000 	D:\Program Files\JDK\jdk-21\bin\jsvml.dll
0x00007ff9bc330000 - 0x00007ff9bc340000 	D:\Program Files\JDK\jdk-21\bin\net.dll
0x00007ff9c3dd0000 - 0x00007ff9c3eef000 	C:\WINDOWS\SYSTEM32\WINHTTP.dll
0x00007ff9cb570000 - 0x00007ff9cb5db000 	C:\WINDOWS\system32\mswsock.dll
0x00007ff9baf50000 - 0x00007ff9baf66000 	D:\Program Files\JDK\jdk-21\bin\nio.dll
0x00007ff9ae5f0000 - 0x00007ff9ae608000 	D:\Program Files\JDK\jdk-21\bin\zip.dll
0x00007ff9a0be0000 - 0x00007ff9a0c04000 	D:\Program Files\apache-maven-3.9.9\lib\jansi-native\Windows\x86_64\jansi.dll
0x00007ff9bc1a0000 - 0x00007ff9bc1b0000 	D:\Program Files\JDK\jdk-21\bin\verify.dll

dbghelp: loaded successfully - version: 4.0.5 - missing functions: none
symbol engine: initialized successfully - sym options: 0x614 - pdb path: .;D:\Program Files\JDK\jdk-21\bin;C:\WINDOWS\SYSTEM32;C:\WINDOWS\WinSxS\amd64_microsoft.windows.common-controls_6595b64144ccf1df_6.0.26100.5074_none_3e0d6f78e32fd63f;D:\Program Files\JDK\jdk-21\bin\server;D:\Program Files\apache-maven-3.9.9\lib\jansi-native\Windows\x86_64

VM Arguments:
jvm_args: -Dclassworlds.conf=D:\Program Files\apache-maven-3.9.9\bin\m2.conf -Dmaven.home=D:\Program Files\apache-maven-3.9.9 -Dlibrary.jansi.path=D:\Program Files\apache-maven-3.9.9\lib\jansi-native -Dmaven.multiModuleProjectDirectory=D:\assignments\CT250\job 
java_command: org.codehaus.plexus.classworlds.launcher.Launcher spring-boot:run
java_class_path (initial): D:\Program Files\apache-maven-3.9.9\boot\plexus-classworlds-2.8.0.jar
Launcher Type: SUN_STANDARD

[Global flags]
     intx CICompilerCount                          = 4                                         {product} {ergonomic}
     uint ConcGCThreads                            = 3                                         {product} {ergonomic}
     uint G1ConcRefinementThreads                  = 10                                        {product} {ergonomic}
   size_t G1HeapRegionSize                         = 2097152                                   {product} {ergonomic}
    uintx GCDrainStackTargetSize                   = 64                                        {product} {ergonomic}
   size_t InitialHeapSize                          = 264241152                                 {product} {ergonomic}
   size_t MarkStackSize                            = 4194304                                   {product} {ergonomic}
   size_t MaxHeapSize                              = 4213178368                                {product} {ergonomic}
   size_t MaxNewSize                               = 2527068160                                {product} {ergonomic}
   size_t MinHeapDeltaBytes                        = 2097152                                   {product} {ergonomic}
   size_t MinHeapSize                              = 8388608                                   {product} {ergonomic}
    uintx NonNMethodCodeHeapSize                   = 5839372                                {pd product} {ergonomic}
    uintx NonProfiledCodeHeapSize                  = 122909434                              {pd product} {ergonomic}
    uintx ProfiledCodeHeapSize                     = 122909434                              {pd product} {ergonomic}
    uintx ReservedCodeCacheSize                    = 251658240                              {pd product} {ergonomic}
     bool SegmentedCodeCache                       = true                                      {product} {ergonomic}
   size_t SoftMaxHeapSize                          = 4213178368                             {manageable} {ergonomic}
     bool UseCompressedOops                        = true                           {product lp64_product} {ergonomic}
     bool UseG1GC                                  = true                                      {product} {ergonomic}
     bool UseLargePagesIndividualAllocation        = false                                  {pd product} {ergonomic}

Logging:
Log output configuration:
 #0: stdout all=warning uptime,level,tags foldmultilines=false
 #1: stderr all=off uptime,level,tags foldmultilines=false

Environment Variables:
JAVA_HOME=D:\Program Files\JDK\jdk-21
PATH=;D:\Program Files\JDK\jdk-21\bin;C:\Windows\system32;C:\Windows;C:\Windows\System32\Wbem;C:\Windows\System32\WindowsPowerShell\v1.0\;C:\Windows\System32\OpenSSH\;C:\Program Files\dotnet\;C:\Program Files\Git\cmd;D:\sources\Dev-Cpp\MinGW64\bin;C:\ProgramData\chocolatey\bin;C:\Program Files\MongoDB\Server\7.0\bin;C:\Program Files\MongoDB\Server\7.0\bin\mongod.exe --config C:\Program Files\MongoDB\Server\7.0\bin\mongod.cfg --service;C:\WINDOWS\system32;C:\WINDOWS;C:\WINDOWS\System32\Wbem;C:\WINDOWS\System32\WindowsPowerShell\v1.0\;C:\WINDOWS\System32\OpenSSH\;D:\Program Files\apache-maven-3.9.9\bin;?C:\Windows\System32;D:\Program Files\nodejs\;D:\ProgramData\miniconda3\condabin;D:\msys64\ucrt64\bin;C:\Program Files\Docker\Docker\resources\bin;D:\Program Files\Go\bin;D:\Users\admin\AppData\Local\Programs\Python\Python310\Scripts\;D:\Users\admin\AppData\Local\Programs\Python\Python310\;C:\Users\admin\.console-ninja\.bin;C:\Users\admin\AppData\Local\Microsoft\WindowsApps;C:\Users\admin\AppData\Local\Microsoft\WinGet\Packages\Schniz.fnm_Microsoft.Winget.Source_8wekyb3d8bbwe;C:\Program Files\MongoDB\Server\7.0\bin;D:\Program Files\PyCharm Community Edition 2024.3\bin;D:\Programs\Microsoft VS Code\bin;C:\Users\admin\AppData\Roaming\npm;D:\Program Files\MongoDB\Server\8.0\bin;D:\Program Files\JetBrains\IntelliJ IDEA Community Edition 2025.2.1\bin;D:\Program Files\Go\bin;
USERNAME=admin
OS=Windows_NT
PROCESSOR_IDENTIFIER=Intel64 Family 6 Model 186 Stepping 3, GenuineIntel
TMP=C:\Users\admin\AppData\Local\Temp
TEMP=C:\Users\admin\AppData\Local\Temp




Periodic native trim disabled

---------------  S Y S T E M  ---------------

OS:
 Windows 11 , 64 bit Build 26100 (10.0.26100.5074)
OS uptime: 0 days 7:34 hours
Hyper-V role detected

CPU: total 12 (initial active 12) (6 cores per cpu, 2 threads per core) family 6 model 186 stepping 3 microcode 0x4128, cx8, cmov, fxsr, ht, mmx, 3dnowpref, sse, sse2, sse3, ssse3, sse4.1, sse4.2, popcnt, lzcnt, tsc, tscinvbit, avx, avx2, aes, erms, clmul, bmi1, bmi2, adx, sha, fma, vzeroupper, clflush, clflushopt, clwb, hv, serialize, rdtscp, rdpid, fsrm, f16c, cet_ibt, cet_ss
Processor Information for processor 0
  Max Mhz: 1700, Current Mhz: 1700, Mhz Limit: 1700
Processor Information for processor 1
  Max Mhz: 1700, Current Mhz: 1700, Mhz Limit: 1700
Processor Information for processor 2
  Max Mhz: 1700, Current Mhz: 1700, Mhz Limit: 1700
Processor Information for processor 3
  Max Mhz: 1700, Current Mhz: 1700, Mhz Limit: 1700
Processor Information for processor 4
  Max Mhz: 1700, Current Mhz: 1558, Mhz Limit: 1700
Processor Information for processor 5
  Max Mhz: 1700, Current Mhz: 1700, Mhz Limit: 1700
Processor Information for processor 6
  Max Mhz: 1700, Current Mhz: 1700, Mhz Limit: 1700
Processor Information for processor 7
  Max Mhz: 1700, Current Mhz: 1558, Mhz Limit: 1700
Processor Information for processor 8
  Max Mhz: 1700, Current Mhz: 1558, Mhz Limit: 1700
Processor Information for processor 9
  Max Mhz: 1700, Current Mhz: 1558, Mhz Limit: 1700
Processor Information for processor 10
  Max Mhz: 1700, Current Mhz: 1700, Mhz Limit: 1700
Processor Information for processor 11
  Max Mhz: 1700, Current Mhz: 1700, Mhz Limit: 1700

Memory: 4k page, system-wide physical 16068M (2384M free)
TotalPageFile size 17092M (AvailPageFile size 0M)
current process WorkingSet (physical memory assigned to process): 144M, peak: 144M
current process commit charge ("private bytes"): 378M, peak: 381M

vm_info: Java HotSpot(TM) 64-Bit Server VM (21.0.5+9-LTS-239) for windows-amd64 JRE (21.0.5+9-LTS-239), built on 2024-09-30T05:17:38Z by "mach5one" with MS VC++ 17.6 (VS2022)

END.
