#
# There is insufficient memory for the Java Runtime Environment to continue.
# Native memory allocation (mmap) failed to map 264241152 bytes for G1 virtual space
# Possible reasons:
#   The system is out of physical RAM or swap space
#   The process is running with CompressedOops enabled, and the Java Heap may be blocking the growth of the native heap
# Possible solutions:
#   Reduce memory load on the system
#   Increase physical memory or swap space
#   Check if swap backing store is full
#   Decrease Java heap size (-Xmx/-Xms)
#   Decrease number of Java threads
#   Decrease Java thread stack sizes (-Xss)
#   Set larger code cache with -XX:ReservedCodeCacheSize=
#   JVM is running with Zero Based Compressed Oops mode in which the Java heap is
#     placed in the first 32GB address space. The Java Heap base address is the
#     maximum limit for the native heap growth. Please use -XX:HeapBaseMinAddress
#     to set the Java Heap base and to place the Java Heap above 32GB virtual address.
# This output file may be truncated or incomplete.
#
#  Out of Memory Error (os_windows.cpp:3600), pid=14004, tid=6992
#
# JRE version:  (21.0.5+9) (build )
# Java VM: Java HotSpot(TM) 64-Bit Server VM (21.0.5+9-LTS-239, mixed mode, sharing, tiered, compressed oops, compressed class ptrs, g1 gc, windows-amd64)
# No core dump will be written. Minidumps are not enabled by default on client versions of Windows
#

---------------  S U M M A R Y ------------

Command Line: -Dclassworlds.conf=D:\Program Files\apache-maven-3.9.9\bin\m2.conf -Dmaven.home=D:\Program Files\apache-maven-3.9.9 -Dlibrary.jansi.path=D:\Program Files\apache-maven-3.9.9\lib\jansi-native -Dmaven.multiModuleProjectDirectory=D:\assignments\CT250\job org.codehaus.plexus.classworlds.launcher.Launcher spring-boot:run

Host: 13th Gen Intel(R) Core(TM) i7-1355U, 12 cores, 15G,  Windows 11 , 64 bit Build 26100 (10.0.26100.5074)
Time: Sun Oct  5 22:03:39 2025 SE Asia Standard Time elapsed time: 0.035327 seconds (0d 0h 0m 0s)

---------------  T H R E A D  ---------------

Current thread (0x0000018bf976f3f0):  JavaThread "Unknown thread" [_thread_in_vm, id=6992, stack(0x00000045e7e00000,0x00000045e7f00000) (1024K)]

Stack: [0x00000045e7e00000,0x00000045e7f00000]
Native frames: (J=compiled Java code, j=interpreted, Vv=VM code, C=native code)
V  [jvm.dll+0x6ca289]
V  [jvm.dll+0x854a51]
V  [jvm.dll+0x856f7e]
V  [jvm.dll+0x857653]
V  [jvm.dll+0x27dd26]
V  [jvm.dll+0x6c6a25]
V  [jvm.dll+0x6bb5aa]
V  [jvm.dll+0x35359a]
V  [jvm.dll+0x35b1f6]
V  [jvm.dll+0x3adade]
V  [jvm.dll+0x3add88]
V  [jvm.dll+0x3278fc]
V  [jvm.dll+0x32845b]
V  [jvm.dll+0x81de19]
V  [jvm.dll+0x3ba7c1]
V  [jvm.dll+0x807168]
V  [jvm.dll+0x44f96e]
V  [jvm.dll+0x451561]
C  [jli.dll+0x52a3]
C  [ucrtbase.dll+0x37b0]
C  [KERNEL32.DLL+0x2e8d7]
C  [ntdll.dll+0x8d9c]


---------------  P R O C E S S  ---------------

Threads class SMR info:
_java_thread_list=0x00007ff8e62aac08, length=0, elements={
}

Java Threads: ( => current thread )
Total: 0

Other Threads:
  0x0000018bf97cf460 WorkerThread "GC Thread#0"                     [id=13192, stack(0x00000045e7f00000,0x00000045e8000000) (1024K)]
  0x0000018bf97dfe60 ConcurrentGCThread "G1 Main Marker"            [id=21628, stack(0x00000045e8000000,0x00000045e8100000) (1024K)]
  0x0000018bf97e0870 WorkerThread "G1 Conc#0"                       [id=5796, stack(0x00000045e8100000,0x00000045e8200000) (1024K)]

[error occurred during error reporting (printing all threads), id 0xc0000005, EXCEPTION_ACCESS_VIOLATION (0xc0000005) at pc=0x00007ff8e5a1a087]
VM state: not at safepoint (not fully initialized)

VM Mutex/Monitor currently owned by a thread:  ([mutex/lock_event])
[0x00007ff8e631bf98] Heap_lock - owner thread: 0x0000018bf976f3f0

Heap address: 0x0000000704e00000, size: 4018 MB, Compressed Oops mode: Zero based, Oop shift amount: 3

CDS archive(s) mapped at: [0x0000000000000000-0x0000000000000000-0x0000000000000000), size 0, SharedBaseAddress: 0x0000000800000000, ArchiveRelocationMode: 1.
Narrow klass base: 0x0000000000000000, Narrow klass shift: 0, Narrow klass range: 0x0

GC Precious Log:
 CardTable entry size: 512
 Card Set container configuration: InlinePtr #cards 4 size 8 Array Of Cards #cards 16 size 48 Howl #buckets 8 coarsen threshold 3686 Howl Bitmap #cards 512 size 80 coarsen threshold 460 Card regions per heap region 1 cards per card region 4096

Heap:
 garbage-first heap   total 0K, used 0K [0x0000000704e00000, 0x0000000800000000)
  region size 2048K, 0 young (0K), 0 survivors (0K)

[error occurred during error reporting (printing heap information), id 0xc0000005, EXCEPTION_ACCESS_VIOLATION (0xc0000005) at pc=0x00007ff8e5e03259]
GC Heap History (0 events):
No events

Dll operation events (1 events):
Event: 0.019 Loaded shared library D:\Program Files\JDK\jdk-21\bin\java.dll

Deoptimization events (0 events):
No events

Classes loaded (0 events):
No events

Classes unloaded (0 events):
No events

Classes redefined (0 events):
No events

Internal exceptions (0 events):
No events

ZGC Phase Switch (0 events):
No events

VM Operations (0 events):
No events

Events (0 events):
No events


Dynamic libraries:
0x00007ff77b9c0000 - 0x00007ff77b9d0000 	D:\Program Files\JDK\jdk-21\bin\java.exe
0x00007ff963cc0000 - 0x00007ff963f29000 	C:\WINDOWS\SYSTEM32\ntdll.dll
0x00007ff963460000 - 0x00007ff963529000 	C:\WINDOWS\System32\KERNEL32.DLL
0x00007ff961480000 - 0x00007ff961873000 	C:\WINDOWS\System32\KERNELBASE.dll
0x00007ff960e50000 - 0x00007ff960f9b000 	C:\WINDOWS\System32\ucrtbase.dll
0x00007ff948990000 - 0x00007ff9489a9000 	D:\Program Files\JDK\jdk-21\bin\jli.dll
0x00007ff9484d0000 - 0x00007ff9484eb000 	D:\Program Files\JDK\jdk-21\bin\VCRUNTIME140.dll
0x00007ff9636e0000 - 0x00007ff963794000 	C:\WINDOWS\System32\ADVAPI32.dll
0x00007ff9637a0000 - 0x00007ff963849000 	C:\WINDOWS\System32\msvcrt.dll
0x00007ff9628e0000 - 0x00007ff962986000 	C:\WINDOWS\System32\sechost.dll
0x00007ff9627c0000 - 0x00007ff9628d8000 	C:\WINDOWS\System32\RPCRT4.dll
0x00007ff962990000 - 0x00007ff962b54000 	C:\WINDOWS\System32\USER32.dll
0x00007ff9610d0000 - 0x00007ff9610f7000 	C:\WINDOWS\System32\win32u.dll
0x00007ff9626f0000 - 0x00007ff96271b000 	C:\WINDOWS\System32\GDI32.dll
0x00007ff960fa0000 - 0x00007ff9610cd000 	C:\WINDOWS\System32\gdi32full.dll
0x00007ff93f100000 - 0x00007ff93f393000 	C:\WINDOWS\WinSxS\amd64_microsoft.windows.common-controls_6595b64144ccf1df_6.0.26100.5074_none_3e0d6f78e32fd63f\COMCTL32.dll
0x00007ff9619e0000 - 0x00007ff961a83000 	C:\WINDOWS\System32\msvcp_win.dll
0x00007ff950e20000 - 0x00007ff950e2b000 	C:\WINDOWS\SYSTEM32\VERSION.dll
0x00007ff9626b0000 - 0x00007ff9626df000 	C:\WINDOWS\System32\IMM32.DLL
0x00007ff95b830000 - 0x00007ff95b83c000 	D:\Program Files\JDK\jdk-21\bin\vcruntime140_1.dll
0x00007ff928430000 - 0x00007ff9284be000 	D:\Program Files\JDK\jdk-21\bin\msvcp140.dll
0x00007ff8e56e0000 - 0x00007ff8e63f8000 	D:\Program Files\JDK\jdk-21\bin\server\jvm.dll
0x00007ff963570000 - 0x00007ff9635e4000 	C:\WINDOWS\System32\WS2_32.dll
0x00007ff960cb0000 - 0x00007ff960d0e000 	C:\WINDOWS\SYSTEM32\POWRPROF.dll
0x00007ff95db90000 - 0x00007ff95dbc5000 	C:\WINDOWS\SYSTEM32\WINMM.dll
0x00007ff960c90000 - 0x00007ff960ca4000 	C:\WINDOWS\SYSTEM32\UMPDC.dll
0x00007ff95fc30000 - 0x00007ff95fc4b000 	C:\WINDOWS\SYSTEM32\kernel.appcore.dll
0x00007ff94fb60000 - 0x00007ff94fb6a000 	D:\Program Files\JDK\jdk-21\bin\jimage.dll
0x00007ff95e650000 - 0x00007ff95e892000 	C:\WINDOWS\SYSTEM32\DBGHELP.DLL
0x00007ff963850000 - 0x00007ff963bcb000 	C:\WINDOWS\System32\combase.dll
0x00007ff963600000 - 0x00007ff9636d7000 	C:\WINDOWS\System32\OLEAUT32.dll
0x00007ff943720000 - 0x00007ff94375d000 	C:\WINDOWS\SYSTEM32\dbgcore.DLL
0x00007ff961880000 - 0x00007ff961919000 	C:\WINDOWS\System32\bcryptPrimitives.dll
0x00007ff947e60000 - 0x00007ff947e7f000 	D:\Program Files\JDK\jdk-21\bin\java.dll

dbghelp: loaded successfully - version: 4.0.5 - missing functions: none
symbol engine: initialized successfully - sym options: 0x614 - pdb path: .;D:\Program Files\JDK\jdk-21\bin;C:\WINDOWS\SYSTEM32;C:\WINDOWS\WinSxS\amd64_microsoft.windows.common-controls_6595b64144ccf1df_6.0.26100.5074_none_3e0d6f78e32fd63f;D:\Program Files\JDK\jdk-21\bin\server

VM Arguments:
jvm_args: -Dclassworlds.conf=D:\Program Files\apache-maven-3.9.9\bin\m2.conf -Dmaven.home=D:\Program Files\apache-maven-3.9.9 -Dlibrary.jansi.path=D:\Program Files\apache-maven-3.9.9\lib\jansi-native -Dmaven.multiModuleProjectDirectory=D:\assignments\CT250\job 
java_command: org.codehaus.plexus.classworlds.launcher.Launcher spring-boot:run
java_class_path (initial): D:\Program Files\apache-maven-3.9.9\boot\plexus-classworlds-2.8.0.jar
Launcher Type: SUN_STANDARD

[Global flags]
     intx CICompilerCount                          = 4                                         {product} {ergonomic}
     uint ConcGCThreads                            = 3                                         {product} {ergonomic}
     uint G1ConcRefinementThreads                  = 10                                        {product} {ergonomic}
   size_t G1HeapRegionSize                         = 2097152                                   {product} {ergonomic}
    uintx GCDrainStackTargetSize                   = 64                                        {product} {ergonomic}
   size_t InitialHeapSize                          = 264241152                                 {product} {ergonomic}
   size_t MarkStackSize                            = 4194304                                   {product} {ergonomic}
   size_t MaxHeapSize                              = 4213178368                                {product} {ergonomic}
   size_t MinHeapDeltaBytes                        = 2097152                                   {product} {ergonomic}
   size_t MinHeapSize                              = 8388608                                   {product} {ergonomic}
    uintx NonNMethodCodeHeapSize                   = 5839372                                {pd product} {ergonomic}
    uintx NonProfiledCodeHeapSize                  = 122909434                              {pd product} {ergonomic}
    uintx ProfiledCodeHeapSize                     = 122909434                              {pd product} {ergonomic}
    uintx ReservedCodeCacheSize                    = 251658240                              {pd product} {ergonomic}
     bool SegmentedCodeCache                       = true                                      {product} {ergonomic}
   size_t SoftMaxHeapSize                          = 4213178368                             {manageable} {ergonomic}
     bool UseCompressedOops                        = true                           {product lp64_product} {ergonomic}
     bool UseG1GC                                  = true                                      {product} {ergonomic}
     bool UseLargePagesIndividualAllocation        = false                                  {pd product} {ergonomic}

Logging:
Log output configuration:
 #0: stdout all=warning uptime,level,tags foldmultilines=false
 #1: stderr all=off uptime,level,tags foldmultilines=false

Environment Variables:
JAVA_HOME=D:\Program Files\JDK\jdk-21
PATH=;D:\Program Files\JDK\jdk-21\bin;C:\Windows\system32;C:\Windows;C:\Windows\System32\Wbem;C:\Windows\System32\WindowsPowerShell\v1.0\;C:\Windows\System32\OpenSSH\;C:\Program Files\dotnet\;C:\Program Files\Git\cmd;D:\sources\Dev-Cpp\MinGW64\bin;C:\Users\admin\AppData\Local\Programs\Python\Python36;C:\Users\admin\AppData\Local\Programs\Python\Python36\Scripts;C:\ProgramData\chocolatey\bin;C:\Program Files\MongoDB\Server\7.0\bin;C:\Program Files\MongoDB\Server\7.0\bin\mongod.exe --config C:\Program Files\MongoDB\Server\7.0\bin\mongod.cfg --service;C:\WINDOWS\system32;C:\WINDOWS;C:\WINDOWS\System32\Wbem;C:\WINDOWS\System32\WindowsPowerShell\v1.0\;C:\WINDOWS\System32\OpenSSH\;D:\Program Files\apache-maven-3.9.9\bin;?C:\Windows\System32;D:\Program Files\nodejs\;D:\ProgramData\miniconda3\condabin;D:\msys64\ucrt64\bin;C:\Program Files\Docker\Docker\resources\bin;C:\Users\admin\AppData\Local\Programs\Python\Python313\Scripts\;C:\Users\admin\AppData\Local\Programs\Python\Python313\;C:\Users\admin\.console-ninja\.bin;C:\Users\admin\AppData\Local\Microsoft\WindowsApps;C:\Users\admin\AppData\Local\Microsoft\WinGet\Packages\Schniz.fnm_Microsoft.Winget.Source_8wekyb3d8bbwe;C:\Program Files\MongoDB\Server\7.0\bin;D:\Program Files\PyCharm Community Edition 2024.3\bin;D:\Programs\Microsoft VS Code\bin;C:\Users\admin\AppData\Roaming\npm;D:\Program Files\MongoDB\Server\8.0\bin;D:\Program Files\JetBrains\IntelliJ IDEA Community Edition 2025.2.1\bin
USERNAME=admin
OS=Windows_NT
PROCESSOR_IDENTIFIER=Intel64 Family 6 Model 186 Stepping 3, GenuineIntel
TMP=C:\Users\admin\AppData\Local\Temp
TEMP=C:\Users\admin\AppData\Local\Temp




Periodic native trim disabled

---------------  S Y S T E M  ---------------

OS:
 Windows 11 , 64 bit Build 26100 (10.0.26100.5074)
OS uptime: 0 days 4:59 hours
Hyper-V role detected

CPU: total 12 (initial active 12) (6 cores per cpu, 2 threads per core) family 6 model 186 stepping 3 microcode 0x4128, cx8, cmov, fxsr, ht, mmx, 3dnowpref, sse, sse2, sse3, ssse3, sse4.1, sse4.2, popcnt, lzcnt, tsc, tscinvbit, avx, avx2, aes, erms, clmul, bmi1, bmi2, adx, sha, fma, vzeroupper, clflush, clflushopt, clwb, hv, serialize, rdtscp, rdpid, fsrm, f16c, cet_ibt, cet_ss
Processor Information for processor 0
  Max Mhz: 1700, Current Mhz: 1700, Mhz Limit: 1700
Processor Information for processor 1
  Max Mhz: 1700, Current Mhz: 1700, Mhz Limit: 1700
Processor Information for processor 2
  Max Mhz: 1700, Current Mhz: 1700, Mhz Limit: 1700
Processor Information for processor 3
  Max Mhz: 1700, Current Mhz: 1700, Mhz Limit: 1700
Processor Information for processor 4
  Max Mhz: 1700, Current Mhz: 1558, Mhz Limit: 1700
Processor Information for processor 5
  Max Mhz: 1700, Current Mhz: 1558, Mhz Limit: 1700
Processor Information for processor 6
  Max Mhz: 1700, Current Mhz: 1700, Mhz Limit: 1700
Processor Information for processor 7
  Max Mhz: 1700, Current Mhz: 1700, Mhz Limit: 1700
Processor Information for processor 8
  Max Mhz: 1700, Current Mhz: 1558, Mhz Limit: 1700
Processor Information for processor 9
  Max Mhz: 1700, Current Mhz: 1558, Mhz Limit: 1700
Processor Information for processor 10
  Max Mhz: 1700, Current Mhz: 1558, Mhz Limit: 1700
Processor Information for processor 11
  Max Mhz: 1700, Current Mhz: 1700, Mhz Limit: 1700

Memory: 4k page, system-wide physical 16068M (2870M free)
TotalPageFile size 17092M (AvailPageFile size 251M)
current process WorkingSet (physical memory assigned to process): 12M, peak: 12M
current process commit charge ("private bytes"): 64M, peak: 316M

vm_info: Java HotSpot(TM) 64-Bit Server VM (21.0.5+9-LTS-239) for windows-amd64 JRE (21.0.5+9-LTS-239), built on 2024-09-30T05:17:38Z by "mach5one" with MS VC++ 17.6 (VS2022)

END.
