#
# There is insufficient memory for the Java Runtime Environment to continue.
# Native memory allocation (malloc) failed to allocate 1048576 bytes for AllocateHeap
# Possible reasons:
#   The system is out of physical RAM or swap space
#   The process is running with CompressedOops enabled, and the Java Heap may be blocking the growth of the native heap
# Possible solutions:
#   Reduce memory load on the system
#   Increase physical memory or swap space
#   Check if swap backing store is full
#   Decrease Java heap size (-Xmx/-Xms)
#   Decrease number of Java threads
#   Decrease Java thread stack sizes (-Xss)
#   Set larger code cache with -XX:ReservedCodeCacheSize=
#   JVM is running with Unscaled Compressed Oops mode in which the Java heap is
#     placed in the first 4GB address space. The Java Heap base address is the
#     maximum limit for the native heap growth. Please use -XX:HeapBaseMinAddress
#     to set the Java Heap base and to place the Java Heap above 4GB virtual address.
# This output file may be truncated or incomplete.
#
#  Out of Memory Error (allocation.cpp:44), pid=6084, tid=19652
#
# JRE version:  (21.0.5+9) (build )
# Java VM: Java HotSpot(TM) 64-Bit Server VM (21.0.5+9-LTS-239, mixed mode, sharing, tiered, compressed oops, compressed class ptrs, g1 gc, windows-amd64)
# No core dump will be written. Minidumps are not enabled by default on client versions of Windows
#

---------------  S U M M A R Y ------------

Command Line: -Dclassworlds.conf=D:\Program Files\apache-maven-3.9.9\bin\m2.conf -Dmaven.home=D:\Program Files\apache-maven-3.9.9 -Dlibrary.jansi.path=D:\Program Files\apache-maven-3.9.9\lib\jansi-native -Dmaven.multiModuleProjectDirectory=D:\assignments\CT250\job-backend org.codehaus.plexus.classworlds.launcher.Launcher spring-boot:run

Host: 13th Gen Intel(R) Core(TM) i7-1355U, 12 cores, 15G,  Windows 11 , 64 bit Build 26100 (10.0.26100.5074)
Time: Mon Nov  3 23:20:49 2025 SE Asia Standard Time elapsed time: 1.251308 seconds (0d 0h 0m 1s)

---------------  T H R E A D  ---------------

Current thread (0x000002058a540d80):  JavaThread "Unknown thread" [_thread_in_vm, id=19652, stack(0x000000cf42600000,0x000000cf42700000) (1024K)]

Stack: [0x000000cf42600000,0x000000cf42700000]
Native frames: (J=compiled Java code, j=interpreted, Vv=VM code, C=native code)
V  [jvm.dll+0x6ca289]
V  [jvm.dll+0x854a51]
V  [jvm.dll+0x856f7e]
V  [jvm.dll+0x857653]
V  [jvm.dll+0x27dd26]
V  [jvm.dll+0xbf7d7]
V  [jvm.dll+0x325765]
V  [jvm.dll+0x81dddd]
V  [jvm.dll+0x3ba7c1]
V  [jvm.dll+0x807168]
V  [jvm.dll+0x44f96e]
V  [jvm.dll+0x451561]
C  [jli.dll+0x52a3]
C  [ucrtbase.dll+0x37b0]
C  [KERNEL32.DLL+0x2e8d7]
C  [ntdll.dll+0x8d9c]


---------------  P R O C E S S  ---------------

Threads class SMR info:
_java_thread_list=0x00007ffafdd5ac08, length=0, elements={
}

Java Threads: ( => current thread )
Total: 0

Other Threads:

=>0x000002058a540d80 (exited) JavaThread "Unknown thread"    [_thread_in_vm, id=19652, stack(0x000000cf42600000,0x000000cf42700000) (1024K)]
Total: 1

Threads with active compile tasks:
Total: 0

VM state: not at safepoint (not fully initialized)

VM Mutex/Monitor currently owned by a thread: None

Heap address: 0x0000000000000000, size: 0 MB, Compressed Oops mode: 32-bit

CDS archive(s) mapped at: [0x0000000000000000-0x0000000000000000-0x0000000000000000), size 0, SharedBaseAddress: 0x0000000800000000, ArchiveRelocationMode: 1.
Narrow klass base: 0x0000000000000000, Narrow klass shift: 0, Narrow klass range: 0x0

GC Precious Log:
 CardTable entry size: 512
 Card Set container configuration: InlinePtr #cards 4 size 8 Array Of Cards #cards 16 size 48 Howl #buckets 8 coarsen threshold 3686 Howl Bitmap #cards 512 size 80 coarsen threshold 460 Card regions per heap region 1 cards per card region 4096

GC Heap History (0 events):
No events

Dll operation events (1 events):
Event: 0.174 Loaded shared library D:\Program Files\JDK\jdk-21\bin\java.dll

Deoptimization events (0 events):
No events

Classes loaded (0 events):
No events

Classes unloaded (0 events):
No events

Classes redefined (0 events):
No events

Internal exceptions (0 events):
No events

ZGC Phase Switch (0 events):
No events

VM Operations (0 events):
No events

Events (0 events):
No events


Dynamic libraries:
0x00007ff749db0000 - 0x00007ff749dc0000 	D:\Program Files\JDK\jdk-21\bin\java.exe
0x00007ffb7b0a0000 - 0x00007ffb7b309000 	C:\WINDOWS\SYSTEM32\ntdll.dll
0x00007ffb79600000 - 0x00007ffb796c9000 	C:\WINDOWS\System32\KERNEL32.DLL
0x00007ffb786f0000 - 0x00007ffb78ae3000 	C:\WINDOWS\System32\KERNELBASE.dll
0x00007ffb78310000 - 0x00007ffb7845b000 	C:\WINDOWS\System32\ucrtbase.dll
0x00007ffb58640000 - 0x00007ffb58659000 	D:\Program Files\JDK\jdk-21\bin\jli.dll
0x00007ffb79000000 - 0x00007ffb790b4000 	C:\WINDOWS\System32\ADVAPI32.dll
0x00007ffb798f0000 - 0x00007ffb79999000 	C:\WINDOWS\System32\msvcrt.dll
0x00007ffb78e70000 - 0x00007ffb78f16000 	C:\WINDOWS\System32\sechost.dll
0x00007ffb7a990000 - 0x00007ffb7aaa8000 	C:\WINDOWS\System32\RPCRT4.dll
0x00007ffb792f0000 - 0x00007ffb794b4000 	C:\WINDOWS\System32\USER32.dll
0x00007ffb4c570000 - 0x00007ffb4c58b000 	D:\Program Files\JDK\jdk-21\bin\VCRUNTIME140.dll
0x00007ffb782e0000 - 0x00007ffb78307000 	C:\WINDOWS\System32\win32u.dll
0x00007ffb78f20000 - 0x00007ffb78f4b000 	C:\WINDOWS\System32\GDI32.dll
0x00007ffb78460000 - 0x00007ffb7858d000 	C:\WINDOWS\System32\gdi32full.dll
0x00007ffb5a800000 - 0x00007ffb5aa93000 	C:\WINDOWS\WinSxS\amd64_microsoft.windows.common-controls_6595b64144ccf1df_6.0.26100.5074_none_3e0d6f78e32fd63f\COMCTL32.dll
0x00007ffb78230000 - 0x00007ffb782d3000 	C:\WINDOWS\System32\msvcp_win.dll
0x00007ffb69090000 - 0x00007ffb6909b000 	C:\WINDOWS\SYSTEM32\VERSION.dll
0x00007ffb78f50000 - 0x00007ffb78f7f000 	C:\WINDOWS\System32\IMM32.DLL
0x00007ffb58630000 - 0x00007ffb5863c000 	D:\Program Files\JDK\jdk-21\bin\vcruntime140_1.dll
0x00007ffb40100000 - 0x00007ffb4018e000 	D:\Program Files\JDK\jdk-21\bin\msvcp140.dll
0x00007ffafd190000 - 0x00007ffafdea8000 	D:\Program Files\JDK\jdk-21\bin\server\jvm.dll
0x00007ffb7a400000 - 0x00007ffb7a474000 	C:\WINDOWS\System32\WS2_32.dll
0x00007ffb78090000 - 0x00007ffb780ee000 	C:\WINDOWS\SYSTEM32\POWRPROF.dll
0x00007ffb72ba0000 - 0x00007ffb72bd5000 	C:\WINDOWS\SYSTEM32\WINMM.dll
0x00007ffb78070000 - 0x00007ffb78084000 	C:\WINDOWS\SYSTEM32\UMPDC.dll
0x00007ffb76ff0000 - 0x00007ffb7700b000 	C:\WINDOWS\SYSTEM32\kernel.appcore.dll
0x00007ffb54b20000 - 0x00007ffb54b2a000 	D:\Program Files\JDK\jdk-21\bin\jimage.dll
0x00007ffb756d0000 - 0x00007ffb75912000 	C:\WINDOWS\SYSTEM32\DBGHELP.DLL
0x00007ffb7a610000 - 0x00007ffb7a98b000 	C:\WINDOWS\System32\combase.dll
0x00007ffb794c0000 - 0x00007ffb79597000 	C:\WINDOWS\System32\OLEAUT32.dll
0x00007ffb635a0000 - 0x00007ffb635dd000 	C:\WINDOWS\SYSTEM32\dbgcore.DLL
0x00007ffb78650000 - 0x00007ffb786e9000 	C:\WINDOWS\System32\bcryptPrimitives.dll
0x00007ffb4c550000 - 0x00007ffb4c56f000 	D:\Program Files\JDK\jdk-21\bin\java.dll

dbghelp: loaded successfully - version: 4.0.5 - missing functions: none
symbol engine: initialized successfully - sym options: 0x614 - pdb path: .;D:\Program Files\JDK\jdk-21\bin;C:\WINDOWS\SYSTEM32;C:\WINDOWS\WinSxS\amd64_microsoft.windows.common-controls_6595b64144ccf1df_6.0.26100.5074_none_3e0d6f78e32fd63f;D:\Program Files\JDK\jdk-21\bin\server

VM Arguments:
jvm_args: -Dclassworlds.conf=D:\Program Files\apache-maven-3.9.9\bin\m2.conf -Dmaven.home=D:\Program Files\apache-maven-3.9.9 -Dlibrary.jansi.path=D:\Program Files\apache-maven-3.9.9\lib\jansi-native -Dmaven.multiModuleProjectDirectory=D:\assignments\CT250\job-backend 
java_command: org.codehaus.plexus.classworlds.launcher.Launcher spring-boot:run
java_class_path (initial): D:\Program Files\apache-maven-3.9.9\boot\plexus-classworlds-2.8.0.jar
Launcher Type: SUN_STANDARD

[Global flags]
     intx CICompilerCount                          = 4                                         {product} {ergonomic}
     uint ConcGCThreads                            = 3                                         {product} {ergonomic}
     uint G1ConcRefinementThreads                  = 10                                        {product} {ergonomic}
   size_t G1HeapRegionSize                         = 2097152                                   {product} {ergonomic}
    uintx GCDrainStackTargetSize                   = 64                                        {product} {ergonomic}
   size_t InitialHeapSize                          = 264241152                                 {product} {ergonomic}
   size_t MarkStackSize                            = 4194304                                   {product} {ergonomic}
   size_t MaxHeapSize                              = 4213178368                                {product} {ergonomic}
   size_t MinHeapDeltaBytes                        = 2097152                                   {product} {ergonomic}
   size_t MinHeapSize                              = 8388608                                   {product} {ergonomic}
    uintx NonNMethodCodeHeapSize                   = 5839372                                {pd product} {ergonomic}
    uintx NonProfiledCodeHeapSize                  = 122909434                              {pd product} {ergonomic}
    uintx ProfiledCodeHeapSize                     = 122909434                              {pd product} {ergonomic}
    uintx ReservedCodeCacheSize                    = 251658240                              {pd product} {ergonomic}
     bool SegmentedCodeCache                       = true                                      {product} {ergonomic}
   size_t SoftMaxHeapSize                          = 4213178368                             {manageable} {ergonomic}
     bool UseCompressedOops                        = true                           {product lp64_product} {ergonomic}
     bool UseG1GC                                  = true                                      {product} {ergonomic}
     bool UseLargePagesIndividualAllocation        = false                                  {pd product} {ergonomic}

Logging:
Log output configuration:
 #0: stdout all=warning uptime,level,tags foldmultilines=false
 #1: stderr all=off uptime,level,tags foldmultilines=false

Environment Variables:
JAVA_HOME=D:\Program Files\JDK\jdk-21
PATH=;D:\Program Files\JDK\jdk-21\bin;C:\Windows\system32;C:\Windows;C:\Windows\System32\Wbem;C:\Windows\System32\WindowsPowerShell\v1.0\;C:\Windows\System32\OpenSSH\;C:\Program Files\dotnet\;C:\Program Files\Git\cmd;D:\sources\Dev-Cpp\MinGW64\bin;C:\ProgramData\chocolatey\bin;C:\Program Files\MongoDB\Server\7.0\bin;C:\Program Files\MongoDB\Server\7.0\bin\mongod.exe --config C:\Program Files\MongoDB\Server\7.0\bin\mongod.cfg --service;C:\WINDOWS\system32;C:\WINDOWS;C:\WINDOWS\System32\Wbem;C:\WINDOWS\System32\WindowsPowerShell\v1.0\;C:\WINDOWS\System32\OpenSSH\;D:\Program Files\apache-maven-3.9.9\bin;?C:\Windows\System32;D:\Program Files\nodejs\;D:\ProgramData\miniconda3\condabin;D:\msys64\ucrt64\bin;C:\Program Files\Docker\Docker\resources\bin;D:\Program Files\Go\bin;D:\Users\admin\AppData\Local\Programs\Python\Python310\Scripts\;D:\Users\admin\AppData\Local\Programs\Python\Python310\;C:\Users\admin\.console-ninja\.bin;C:\Users\admin\AppData\Local\Microsoft\WindowsApps;C:\Users\admin\AppData\Local\Microsoft\WinGet\Packages\Schniz.fnm_Microsoft.Winget.Source_8wekyb3d8bbwe;C:\Program Files\MongoDB\Server\7.0\bin;D:\Program Files\PyCharm Community Edition 2024.3\bin;D:\Programs\Microsoft VS Code\bin;C:\Users\admin\AppData\Roaming\npm;D:\Program Files\MongoDB\Server\8.0\bin;D:\Program Files\JetBrains\IntelliJ IDEA Community Edition 2025.2.1\bin;D:\Program Files\Go\bin;
USERNAME=admin
OS=Windows_NT
PROCESSOR_IDENTIFIER=Intel64 Family 6 Model 186 Stepping 3, GenuineIntel
TMP=C:\Users\admin\AppData\Local\Temp
TEMP=C:\Users\admin\AppData\Local\Temp




Periodic native trim disabled

---------------  S Y S T E M  ---------------

OS:
 Windows 11 , 64 bit Build 26100 (10.0.26100.5074)
OS uptime: 0 days 5:56 hours
Hyper-V role detected

CPU: total 12 (initial active 12) (6 cores per cpu, 2 threads per core) family 6 model 186 stepping 3 microcode 0x4128, cx8, cmov, fxsr, ht, mmx, 3dnowpref, sse, sse2, sse3, ssse3, sse4.1, sse4.2, popcnt, lzcnt, tsc, tscinvbit, avx, avx2, aes, erms, clmul, bmi1, bmi2, adx, sha, fma, vzeroupper, clflush, clflushopt, clwb, hv, serialize, rdtscp, rdpid, fsrm, f16c, cet_ibt, cet_ss
Processor Information for processor 0
  Max Mhz: 1700, Current Mhz: 1700, Mhz Limit: 1700
Processor Information for processor 1
  Max Mhz: 1700, Current Mhz: 1700, Mhz Limit: 1700
Processor Information for processor 2
  Max Mhz: 1700, Current Mhz: 1700, Mhz Limit: 1700
Processor Information for processor 3
  Max Mhz: 1700, Current Mhz: 1700, Mhz Limit: 1700
Processor Information for processor 4
  Max Mhz: 1700, Current Mhz: 1558, Mhz Limit: 1700
Processor Information for processor 5
  Max Mhz: 1700, Current Mhz: 1700, Mhz Limit: 1700
Processor Information for processor 6
  Max Mhz: 1700, Current Mhz: 1558, Mhz Limit: 1700
Processor Information for processor 7
  Max Mhz: 1700, Current Mhz: 1558, Mhz Limit: 1700
Processor Information for processor 8
  Max Mhz: 1700, Current Mhz: 1700, Mhz Limit: 1700
Processor Information for processor 9
  Max Mhz: 1700, Current Mhz: 1700, Mhz Limit: 1700
Processor Information for processor 10
  Max Mhz: 1700, Current Mhz: 1700, Mhz Limit: 1700
Processor Information for processor 11
  Max Mhz: 1700, Current Mhz: 1700, Mhz Limit: 1700

Memory: 4k page, system-wide physical 16068M (2347M free)
TotalPageFile size 17092M (AvailPageFile size 25M)
current process WorkingSet (physical memory assigned to process): 11M, peak: 11M
current process commit charge ("private bytes"): 15M, peak: 16M

vm_info: Java HotSpot(TM) 64-Bit Server VM (21.0.5+9-LTS-239) for windows-amd64 JRE (21.0.5+9-LTS-239), built on 2024-09-30T05:17:38Z by "mach5one" with MS VC++ 17.6 (VS2022)

END.
